= Host-specific information ====================================================
$> hostname; uname -msr
e1z3r6p6.42.us.org
Darwin 17.5.0 x86_64
$> date
Mon Jan 14 15:06:00 PST 2019
$> gcc --version
Configured with: --prefix=/Library/Developer/CommandLineTools/usr --with-gxx-include-dir=/usr/include/c++/4.2.1
Apple LLVM version 9.1.0 (clang-902.0.39.1)
Target: x86_64-apple-darwin17.5.0
Thread model: posix
InstalledDir: /Library/Developer/CommandLineTools/usr/bin
$> clang --version
Apple LLVM version 9.1.0 (clang-902.0.39.1)
Target: x86_64-apple-darwin17.5.0
Thread model: posix
InstalledDir: /Library/Developer/CommandLineTools/usr/bin

= User files collection ========================================================
Collecting user files from Vogsphere
Repository URL: auto-exam/2019/c-exam-alone-in-the-dark-beginner/practice-exam_20190114/khou2

= Git history ==================================================================
$> git -C /var/folders/7w/w77kjx197zs4yvlz79rszr2m0000gp/T/tmpJAjzQZ/user log --pretty='%H - %an, %ad : %s'
30621d7ef626e91f1525352b4d7aa5f76c3c1d70 - Khloe Hou, Mon Jan 14 15:05:47 2019 -0800 : 4
d00bdb8d0af8ae3d69fbf177da6873034914d68a - Khloe Hou, Mon Jan 14 13:36:07 2019 -0800 : :qa! :q! :!
0f13eb4fccef584a4d3703eb57d3c74daa87b2d5 - Khloe Hou, Mon Jan 14 13:32:58 2019 -0800 : 3
d05bb80e8a42f8f4b4f4f7c64a6356b56603b85f - Khloe Hou, Mon Jan 14 13:18:07 2019 -0800 : 2
7049e9f424c40d460de59321d0c691a142f3daff - Khloe Hou, Mon Jan 14 13:16:06 2019 -0800 : 1
 
= Collected files ==========================================
$> ls -lAR /var/folders/7w/w77kjx197zs4yvlz79rszr2m0000gp/T/tmpJAjzQZ/user
total 8
-rw-r--r--  1 deepthought  deepthought  1248 Jan 14 15:06 __GIT_HISTORY
drwxr-xr-x  3 deepthought  deepthought   102 Jan 14 15:06 ft_atoi_base
drwxr-xr-x  3 deepthought  deepthought   102 Jan 14 15:06 is_power_of_2
drwxr-xr-x  3 deepthought  deepthought   102 Jan 14 15:06 maff_revalpha
drwxr-xr-x  3 deepthought  deepthought   102 Jan 14 15:06 rev_wstr
drwxr-xr-x  3 deepthought  deepthought   102 Jan 14 15:06 rot_13

/var/folders/7w/w77kjx197zs4yvlz79rszr2m0000gp/T/tmpJAjzQZ/user/ft_atoi_base:
total 8
-rw-r--r--  1 deepthought  deepthought  1566 Jan 14 15:06 ft_atoi_base.c

/var/folders/7w/w77kjx197zs4yvlz79rszr2m0000gp/T/tmpJAjzQZ/user/is_power_of_2:
total 8
-rw-r--r--  1 deepthought  deepthought  1275 Jan 14 15:06 is_power_of_2.c

/var/folders/7w/w77kjx197zs4yvlz79rszr2m0000gp/T/tmpJAjzQZ/user/maff_revalpha:
total 8
-rw-r--r--  1 deepthought  deepthought  989 Jan 14 15:06 maff_revalpha.c

/var/folders/7w/w77kjx197zs4yvlz79rszr2m0000gp/T/tmpJAjzQZ/user/rev_wstr:
total 8
-rw-r--r--  1 deepthought  deepthought  1584 Jan 14 15:06 rev_wstr.c

/var/folders/7w/w77kjx197zs4yvlz79rszr2m0000gp/T/tmpJAjzQZ/user/rot_13:
total 8
-rw-r--r--  1 deepthought  deepthought  1399 Jan 14 15:06 rot_13.c
 
= rev_wstr =====================================================================
$> gcc -Wextra -Wall -Werror rev_wstr.c -o user_exe 

= Test 1 ===================================================
$> ./8cb0fd7xqst7a1qqdkvdgm2k 
$> diff -U 3 user_output_test1 test1.output | cat -e

Diff OK :D
= Test 2 ===================================================
$> ./4oq9d28x2fnp38rjihhdx6y7 "salut" "a" "tous" "tout" "le" "monde"
$> diff -U 3 user_output_test2 test2.output | cat -e

Diff OK :D
= Test 3 ===================================================
$> ./3oeh6ho1u4dmhyksenzkdxag "kqf"
$> diff -U 3 user_output_test3 test3.output | cat -e

Diff OK :D
= Test 4 ===================================================
$> ./kss78r9khnf5cq732gdjh4ok "7fl0j8Ke3GvXT6"
$> diff -U 3 user_output_test4 test4.output | cat -e

Diff OK :D
= Test 5 ===================================================
$> ./yymonckivdhc2i81lbr3vtw2 "RkxsDyCngzXNjOP8u"
$> diff -U 3 user_output_test5 test5.output | cat -e

Diff OK :D
= Test 6 ===================================================
$> ./6bm79e3mnq24v54uj7eau9kp "MNXcr"
$> diff -U 3 user_output_test6 test6.output | cat -e

Diff OK :D
= Test 7 ===================================================
$> ./3i94nyjtlvng41184ok175rc "9agBZKuRMq7sGrkp rnFRigtuc0KOL 1Ovja32iG cP87ifvwCNWquMQ9r OQhgy vk34OWxjq7LQC6 V74xE cAN78UyRkh5 3RiumsoB6J8 ExF 9qyNlDmJk Fbql79 l2D1mRpaFTzdt05f aGDuVJThkHiRcxe 0nNjlAgLkpyG1v D5t BZQS6eJNsnRP"
$> diff -U 3 user_output_test7 test7.output | cat -e

Diff OK :D
= Test 8 ===================================================
$> ./3y1ftc5ud4gx0q5x0p9blzpu "cbFNKg4aQJz2YM7 CJIyZDftie6kMW r7XgsUABJy Frd7JS8XLVgqaTDA kHYjA1guJTl3e gSqZ0HQNmWBrRYeU Kwo9e7fRsJyH f28 kBf1QgTy RCIt2bf4vsunV mrd02xKU 2FWy01P6dBTc8Y MZe RebYcuFXis6U14hr Cjsl0 bEfiUtq6p3maWOoNl Xlo4vKdF1h5YLy xawAFGymX"
$> diff -U 3 user_output_test8 test8.output | cat -e

Diff OK :D
= Test 9 ===================================================
$> ./bhpqe790su85spqplklrze5w "qUuwEZPBh39J8 Mg8 Gb3n9 OaFkSItolVbmjY 2u7 uvneHlm flSj q9BerxXI0 WPc nPrUVZ04M sriWjvPTmyhXbz GPh 4mih3q8O"
$> diff -U 3 user_output_test9 test9.output | cat -e

Diff OK :D
= Test 10 ==================================================
$> ./lvso81cbpd3d45e1891t3s0j "qdtQG sASCz0Xw Ym0tKCOFEusXHD 1A8jJW C95ZDrT3Lhdi grv b5cxn7Vhg9N EyMNBvaX3RT4oC28j 8pU YZRB3c"
$> diff -U 3 user_output_test10 test10.output | cat -e

Diff OK :D
= Test 11 ==================================================
$> ./ap67g9jsnzn96zl2j9ji3bmo "DknsJZo4Cr K2XzkwF3f e3zkDxV 3z69KEBpTAjfDiUC qcVd8EH7xbzKtJZlj sXAPkzDw 62Y RQ67S5KTJ tL4e2UP Xv1tup OFmg74lt2E r9k5s1"
$> diff -U 3 user_output_test11 test11.output | cat -e

Diff OK :D
= Test 12 ==================================================
$> ./mfu4encfzcaoa2wiy4hkv17f "7jwp VruOnHGE Ran1HsgPEh w2UqidfPb3JZEz4 YbuCGleB0 kahK3xGyO75 nKJi0lDGNu JUq2 DQ81AaFzsMfSTCIL DvBUEW9znIb jLmIDxl05vtApW3 jMODJldpxQE4kZC 3x0H8DI1GtC Io3uN0Bv xtTXGDymk"
$> diff -U 3 user_output_test12 test12.output | cat -e

Diff OK :D
= Test 13 ==================================================
$> ./jnsujsmttgqltdhuf8v2c4lf "EKCXi1m4LaQ5j0R bxdLyVPCGD YJ7jC DPAb 9Xb2BGjihQ"
$> diff -U 3 user_output_test13 test13.output | cat -e

Diff OK :D
= Test 14 ==================================================
$> ./gv9aich9xvjt9pfygw0iwmv8 "Eyzx8D4UBpmT th7RW Mvsu XGN Dvj0 7vFZ5fY 9v56I hNxy5 fTCqhAv"
$> diff -U 3 user_output_test14 test14.output | cat -e

Diff OK :D
= Test 15 ==================================================
$> ./hso64fzp7sbyu84z0marh9r3 "LK2Hl uIM7T5NwxfqQDib8 daUFA8HMBwQ6oR4 S4c nCYM0eKZJLSm79NkP qBpzSvVE esQvaLwg7kxj e6P5TOSIQcWVD DTcN uy9aWpg cI5nL8 eJfSyZKQ"
$> diff -U 3 user_output_test15 test15.output | cat -e

Diff OK :D
= Test 16 ==================================================
$> ./wi6ctx1uz2booyb1d7x3axp3 "UENIWhuB1dXOm gp4N1syJ9q j3BaiPm5Wutbdx ZQPOgYyJHqRVUoE 4KpbT wEgx32 gwa1f9 4FZeP9m Q0xtyc4p3 kOGon64F29XIQ RjkB4C F4Vok0"
$> diff -U 3 user_output_test16 test16.output | cat -e

Diff OK :D
= Test 17 ==================================================
$> ./ru8whc4zkiiemltupk1hrzke "XY51CL woITWHOrdXZexY 12MhwVg7YW y5gzmOSKCh Ib7xa24eGDRVY1 1XpLUY7Hqu0inawZd 70O6b 38LPzn5eKmcNxXW TUX A2S05Z4g7NYqe39 OB6Ur4 ECv L4lzwJVNBbIa PTrG3J 2aqChEPJmMinTk3"
$> diff -U 3 user_output_test17 test17.output | cat -e

Diff OK :D
= Test 18 ==================================================
$> ./zukrsut6n8rcfp6s9hk2q3fd "xCX7 C9FVGh76MZc2 wZfmlKX oFNRBlaIXEZfG8 G7XdzhnEMPKNvt DgF tgV2GA sMyuJO IG2A6 AsIaov4p2Z YWs4FamQ 8Oqkx1DivsN 5Fuh6gY GajCVt XuT S3N0Gx5u LQ6AJPO1ZNz28s"
$> diff -U 3 user_output_test18 test18.output | cat -e

Diff OK :D
= Test 19 ==================================================
$> ./hlf6okxfbmba30g8qge3ndbj "xYcFZl3PgMq1 dimoYzxuTE4jc9 M9F flj JpZ8u Uky5tS zLx gLxVl 8v7XR DXO5Lhr6 nYCP Fl8SypNY7Ikr6tETH Xh2OfG 3p92H dYKMXAwQ"
$> diff -U 3 user_output_test19 test19.output | cat -e

Diff OK :D
= Test 20 ==================================================
$> ./9s7ymzk0pj5bze0m301quy64 "3Y6tgxcELZJlBHk eCQB9DGEnk508J 9Om5i X684q0En rHT4xcKV jORWJvFzt9VZ5S"
$> diff -U 3 user_output_test20 test20.output | cat -e

Diff OK :D
Grade: 1

= Final grade: 1 ===============================================================
