= Host-specific information ====================================================
$> hostname; uname -msr
e1z1r5p40.42.us.org
Darwin 17.4.0 x86_64
$> date
Tue Jan  8 17:03:35 PST 2019
$> gcc --version
Configured with: --prefix=/Library/Developer/CommandLineTools/usr --with-gxx-include-dir=/usr/include/c++/4.2.1
Apple LLVM version 9.0.0 (clang-900.0.39.2)
Target: x86_64-apple-darwin17.4.0
Thread model: posix
InstalledDir: /Library/Developer/CommandLineTools/usr/bin
$> clang --version
Apple LLVM version 9.0.0 (clang-900.0.39.2)
Target: x86_64-apple-darwin17.4.0
Thread model: posix
InstalledDir: /Library/Developer/CommandLineTools/usr/bin

= User files collection ========================================================
Collecting user files from Vogsphere
Repository URL: auto-exam/2019/c-exam-alone-in-the-dark-beginner/practice-exam_20190109/khou

= Git history ==================================================================
$> git -C /var/folders/9t/ktgg6xv11hz66l2j1p8c9h_r0000gp/T/tmpmAkNtc/user log --pretty='%H - %an, %ad : %s'
f9505c0b47d3a09b6bfe01bbfdc3a27f6ea65fd3 - Khloe Hou, Tue Jan 8 17:03:24 2019 -0800 : 6
5e8e123376a4f1ac1f83b38b60f75558f524555b - Khloe Hou, Tue Jan 8 16:59:43 2019 -0800 : 5
66e451f83ca29319ff42842efe45069cb1b03bd6 - Khloe Hou, Tue Jan 8 16:56:26 2019 -0800 : 4
2c8fd87f97dea16cd279679c63c32ffc123b9276 - Khloe Hou, Tue Jan 8 16:52:23 2019 -0800 : 3
004ba58036444b4d6523fcca6dfa815abad37080 - Khloe Hou, Tue Jan 8 16:33:18 2019 -0800 : 2
2b3f88e27f5e51a9b47fac8abfa7a985d67e8ced - Khloe Hou, Tue Jan 8 16:15:16 2019 -0800 : 1
 
= Collected files ==========================================
$> ls -lAR /var/folders/9t/ktgg6xv11hz66l2j1p8c9h_r0000gp/T/tmpmAkNtc/user
total 8
-rw-r--r--  1 deepthought  deepthought  1455 Jan  8 17:03 __GIT_HISTORY
drwxr-xr-x  3 deepthought  deepthought   102 Jan  8 17:03 brackets
drwxr-xr-x  3 deepthought  deepthought   102 Jan  8 17:03 ft_countdown
drwxr-xr-x  3 deepthought  deepthought   102 Jan  8 17:03 last_word
drwxr-xr-x  3 deepthought  deepthought   102 Jan  8 17:03 pgcd
drwxr-xr-x  3 deepthought  deepthought   102 Jan  8 17:03 rev_print
drwxr-xr-x  3 deepthought  deepthought   102 Jan  8 17:03 sort_list

/var/folders/9t/ktgg6xv11hz66l2j1p8c9h_r0000gp/T/tmpmAkNtc/user/brackets:
total 8
-rw-r--r--  1 deepthought  deepthought  1656 Jan  8 17:03 main.c

/var/folders/9t/ktgg6xv11hz66l2j1p8c9h_r0000gp/T/tmpmAkNtc/user/ft_countdown:
total 8
-rw-r--r--  1 deepthought  deepthought  973 Jan  8 17:03 ft_countdown.c

/var/folders/9t/ktgg6xv11hz66l2j1p8c9h_r0000gp/T/tmpmAkNtc/user/last_word:
total 8
-rw-r--r--  1 deepthought  deepthought  1345 Jan  8 17:03 last_word.c

/var/folders/9t/ktgg6xv11hz66l2j1p8c9h_r0000gp/T/tmpmAkNtc/user/pgcd:
total 8
-rw-r--r--  1 deepthought  deepthought  1383 Jan  8 17:03 pgcd.c

/var/folders/9t/ktgg6xv11hz66l2j1p8c9h_r0000gp/T/tmpmAkNtc/user/rev_print:
total 8
-rw-r--r--  1 deepthought  deepthought  1172 Jan  8 17:03 rev_print.c

/var/folders/9t/ktgg6xv11hz66l2j1p8c9h_r0000gp/T/tmpmAkNtc/user/sort_list:
total 8
-rw-r--r--  1 deepthought  deepthought  1382 Jan  8 17:03 sort_list.c
 
= brackets =====================================================================
$> gcc -Wextra -Wall -Werror main.c -o user_exe 

= Test 1 ===================================================
$> ./yxu1bl40n9pcu474o049ztxo '(toto)'
$> diff -U 3 user_output_test1 test1.output | cat -e

Diff OK :D
= Test 2 ===================================================
$> ./jvcy8ky5ezbbrohnybug3axi '([)]'
$> diff -U 3 user_output_test2 test2.output | cat -e

Diff OK :D
= Test 3 ===================================================
$> ./8ihup5r5q39h1fsw2yrh9i1z '' '{[(0 + 0)(1 + 1)](3*(-1)){()}}'
$> diff -U 3 user_output_test3 test3.output | cat -e

Diff OK :D
= Test 4 ===================================================
$> ./qsc6e7i67e5xl2w4kmjpxuh7 
$> diff -U 3 user_output_test4 test4.output | cat -e

Diff OK :D
= Test 5 ===================================================
$> ./x77wntumpwfqwv5iplkgnp3s '()' '[]' '{}' '' 'toto' '([{}[{(()[])}()]]())(((([])))())'
$> diff -U 3 user_output_test5 test5.output | cat -e

Diff OK :D
= Test 6 ===================================================
$> ./q103p4m4prx7tnn9oyt9k4f7 '()[]{}' '([{}])[({})]{([])}'
$> diff -U 3 user_output_test6 test6.output | cat -e

Diff OK :D
= Test 7 ===================================================
$> ./aochi68awpdfp8owje5ne3ra '(]' '{)' '[}' ')' '}' ')' '(' '{' '['
$> diff -U 3 user_output_test7 test7.output | cat -e

Diff OK :D
= Test 8 ===================================================
$> ./5nwn8o4emxiny1dqtoswntqy '({)}' '[()]{}]' '])}' '([{' "(cette (trace n'a pas [de but precis]) {a part embeter (tout le monde)})"
$> diff -U 3 user_output_test8 test8.output | cat -e

Diff OK :D
Grade: 1

= Final grade: 1 ===============================================================
