= Host-specific information ====================================================
$> hostname; uname -msr
e1z2r8p31.42.us.org
Darwin 17.5.0 x86_64
$> date
Sun Aug  4 23:50:31 PDT 2019
$> gcc --version
Configured with: --prefix=/Library/Developer/CommandLineTools/usr --with-gxx-include-dir=/usr/include/c++/4.2.1
Apple LLVM version 9.1.0 (clang-902.0.39.1)
Target: x86_64-apple-darwin17.5.0
Thread model: posix
InstalledDir: /Library/Developer/CommandLineTools/usr/bin
$> clang --version
Apple LLVM version 9.1.0 (clang-902.0.39.1)
Target: x86_64-apple-darwin17.5.0
Thread model: posix
InstalledDir: /Library/Developer/CommandLineTools/usr/bin

= User files collection ========================================================
Collecting user files from Vogsphere
Repository URL: auto-exam/2019/c-exam-alone-in-the-dark-intermediate/practice-exam_20190805/khou3

= Git history ==================================================================
$> git -C /var/folders/v7/jbdc_pnd6vsc5v529fz502xr0000gp/T/tmp3J3Ptj/user log --pretty='%H - %an, %ad : %s'
224c8d44120726cefda1ad2d76b63b444b55112c - Khloe Hou, Sun Aug 4 23:50:23 2019 -0700 : 08/04/2019
6684fbacdfe0857d178be67b8cf857f03ad20d8c - Khloe Hou, Sun Aug 4 23:37:10 2019 -0700 : 08/04/2019
a7d67840c2303ece0ced419e45cc24544e8e5ef0 - Khloe Hou, Sun Aug 4 23:29:10 2019 -0700 : 08/04/2019
301039dc252d0da0367e3db44b5cd0e7f0cfccb0 - Khloe Hou, Sun Aug 4 23:22:25 2019 -0700 : 08/04/2019
 
= Collected files ==========================================
$> ls -lAR /var/folders/v7/jbdc_pnd6vsc5v529fz502xr0000gp/T/tmp3J3Ptj/user
total 8
-rw-r--r--  1 deepthought  deepthought  1044 Aug  4 23:50 __GIT_HISTORY
drwxr-xr-x  3 deepthought  deepthought   102 Aug  4 23:50 convert_bst
drwxr-xr-x  3 deepthought  deepthought   102 Aug  4 23:50 count_alpha
drwxr-xr-x  3 deepthought  deepthought   102 Aug  4 23:50 print_doublon
drwxr-xr-x  3 deepthought  deepthought   102 Aug  4 23:50 str_maxlenoc

/var/folders/v7/jbdc_pnd6vsc5v529fz502xr0000gp/T/tmp3J3Ptj/user/convert_bst:
total 8
-rw-r--r--  1 deepthought  deepthought  2091 Aug  4 23:50 convert_bst.c

/var/folders/v7/jbdc_pnd6vsc5v529fz502xr0000gp/T/tmp3J3Ptj/user/count_alpha:
total 8
-rw-r--r--  1 deepthought  deepthought  1614 Aug  4 23:50 count_alpha.c

/var/folders/v7/jbdc_pnd6vsc5v529fz502xr0000gp/T/tmp3J3Ptj/user/print_doublon:
total 8
-rw-r--r--  1 deepthought  deepthought  1223 Aug  4 23:50 print_doublon.c

/var/folders/v7/jbdc_pnd6vsc5v529fz502xr0000gp/T/tmp3J3Ptj/user/str_maxlenoc:
total 8
-rw-r--r--  1 deepthought  deepthought  2278 Aug  4 23:50 str_maxlenoc.c
 
= convert_bst ==================================================================
$> gcc -Wextra -Wall -Werror convert_bst.c main.c -o user_exe 

= Test 1 ===================================================
$> ./ucsds5j426sbh8jt7zc3kxlu 0
$> diff -U 3 user_output_test1 test1.output | cat -e

Diff OK :D
= Test 2 ===================================================
$> ./v87rjxbrs8ysqrm2t64oaoc4 1
$> diff -U 3 user_output_test2 test2.output | cat -e

Diff OK :D
= Test 3 ===================================================
$> ./wgg5jsl89m28gm23vitksd5w 2
$> diff -U 3 user_output_test3 test3.output | cat -e

Diff OK :D
= Test 4 ===================================================
$> ./gala141m78r046jj1yyjubht 3
$> diff -U 3 user_output_test4 test4.output | cat -e

Diff OK :D
= Test 5 ===================================================
$> ./53tzgmksjxlpjwzblqlthp8l 4
$> diff -U 3 user_output_test5 test5.output | cat -e

Diff OK :D
= Test 6 ===================================================
$> ./5fn71paq9z8gvg0m5kwg34m5 5
$> diff -U 3 user_output_test6 test6.output | cat -e

Diff OK :D
= Test 7 ===================================================
$> ./6ujck5q8fligqtp9t8tth3nq 6
$> diff -U 3 user_output_test7 test7.output | cat -e

Diff OK :D
= Test 8 ===================================================
$> ./kjhsabr4q9qor1qrrnl1hp7w 7
$> diff -U 3 user_output_test8 test8.output | cat -e

Diff OK :D
= Test 9 ===================================================
$> ./carqilslqsk3qye20edaaf7h 8
$> diff -U 3 user_output_test9 test9.output | cat -e

Diff OK :D
= Test 10 ==================================================
$> ./rmj5zmxvo6w2u826hno07lce 9
$> diff -U 3 user_output_test10 test10.output | cat -e

Diff OK :D
= Test 11 ==================================================
$> ./1sg5s13khu6dpqmchee4vnjg 10
$> diff -U 3 user_output_test11 test11.output | cat -e

Diff OK :D
= Test 12 ==================================================
$> ./tjn4ai1r1ekk7mhpo48nr2ss 11
$> diff -U 3 user_output_test12 test12.output | cat -e

Diff OK :D
= Test 13 ==================================================
$> ./shp4n80zpzrwjo20b3n6bgoh 12
$> diff -U 3 user_output_test13 test13.output | cat -e

Diff OK :D
= Test 14 ==================================================
$> ./rq9g40kd3rksjfzmq6cd1hm1 13
$> diff -U 3 user_output_test14 test14.output | cat -e

Diff OK :D
= Test 15 ==================================================
$> ./91qlsomppz3galylh5ccqh6j 14
$> diff -U 3 user_output_test15 test15.output | cat -e

Diff OK :D
= Test 16 ==================================================
$> ./4iboprknvrsijhfnm06199jh 15
$> diff -U 3 user_output_test16 test16.output | cat -e

Diff OK :D
= Test 17 ==================================================
$> ./460tma4og1vkylz5svec5jzb 16
$> diff -U 3 user_output_test17 test17.output | cat -e

Diff OK :D
= Test 18 ==================================================
$> ./yibsntzumurncixovkp85vih 17
$> diff -U 3 user_output_test18 test18.output | cat -e

Diff OK :D
= Test 19 ==================================================
$> ./c0g30bbhrlyt911utjxrzygg 47
$> diff -U 3 user_output_test19 test19.output | cat -e

Diff OK :D
= Test 20 ==================================================
$> ./a1y1baupdji2jvsjmagedggl 42
$> diff -U 3 user_output_test20 test20.output | cat -e

Diff OK :D
Grade: 1

= Final grade: 1 ===============================================================
