= Host-specific information ====================================================
$> hostname; uname -msr
e1z2r9p11.42.us.org
Darwin 17.4.0 x86_64
$> date
Thu May  2 16:01:23 PDT 2019
$> gcc --version
Configured with: --prefix=/Library/Developer/CommandLineTools/usr --with-gxx-include-dir=/usr/include/c++/4.2.1
Apple LLVM version 10.0.0 (clang-1000.10.44.4)
Target: x86_64-apple-darwin17.4.0
Thread model: posix
InstalledDir: /Library/Developer/CommandLineTools/usr/bin
$> clang --version
Apple LLVM version 10.0.0 (clang-1000.10.44.4)
Target: x86_64-apple-darwin17.4.0
Thread model: posix
InstalledDir: /Library/Developer/CommandLineTools/usr/bin

= User files collection ========================================================
Collecting user files from Vogsphere
Repository URL: auto-exam/2019/c-exam-alone-in-the-dark-intermediate/practice-exam_20190502/khou

= Git history ==================================================================
$> git -C /var/folders/pg/rc27xfjj2h5_cdxkxm7c5kjr0000gp/T/tmp1tkgUT/user log --pretty='%H - %an, %ad : %s'
12d2d0462ee93a2dc98ae34b25ea81270be6b8eb - Khloe Hou, Thu May 2 16:00:46 2019 -0700 : 1
 
= Collected files ==========================================
$> ls -lAR /var/folders/pg/rc27xfjj2h5_cdxkxm7c5kjr0000gp/T/tmp1tkgUT/user
total 8
-rw-r--r--  1 deepthought  deepthought  252 May  2 16:01 __GIT_HISTORY
drwxr-xr-x  3 deepthought  deepthought  102 May  2 16:01 equation

/var/folders/pg/rc27xfjj2h5_cdxkxm7c5kjr0000gp/T/tmp1tkgUT/user/equation:
total 8
-rw-r--r--  1 deepthought  deepthought  1422 May  2 16:01 equation.c
 
= equation =====================================================================
$> gcc -Wextra -Wall -Werror equation.c main.c -o user_exe 

= Test 1 ===================================================
$> ./5yqrva5uyne2idkjt0wws18x 0
$> diff -U 3 user_output_test1 test1.output | cat -e

Diff OK :D
= Test 2 ===================================================
$> ./9efzz3wi86ma22vg03m82uui 3
$> diff -U 3 user_output_test2 test2.output | cat -e

Diff OK :D
= Test 3 ===================================================
$> ./x3rrlhtxdo07bzi600wkmo9k 31
$> diff -U 3 user_output_test3 test3.output | cat -e

Diff OK :D
= Test 4 ===================================================
$> ./oji605dbdlqe9fhsndpz7a02 42
$> diff -U 3 user_output_test4 test4.output | cat -e

Diff OK :D
= Test 5 ===================================================
$> ./zcpz3zqd5jvkgesl6olb6b74 54
$> diff -U 3 user_output_test5 test5.output | cat -e

Diff OK :D
= Test 6 ===================================================
$> ./3oabgaclgkuj9amdmycx2xm7 21
$> diff -U 3 user_output_test6 test6.output | cat -e

Diff OK :D
= Test 7 ===================================================
$> ./tfo7j6uegwk8ci34qxm382b7 111
$> diff -U 3 user_output_test7 test7.output | cat -e

Diff OK :D
= Test 8 ===================================================
$> ./zxlpkxqwgk61fuv034gft3ac 133
$> diff -U 3 user_output_test8 test8.output | cat -e

Diff OK :D
= Test 9 ===================================================
$> ./mjhwlin1k3djzckjl9fj16l8 198
$> diff -U 3 user_output_test9 test9.output | cat -e

Diff OK :D
Grade: 1

= Final grade: 1 ===============================================================
