= Host-specific information ====================================================
$> hostname; uname -msr
e1z3r5p8.42.us.org
Darwin 17.4.0 x86_64
$> date
Mon Aug 19 22:46:18 PDT 2019
$> gcc --version
Configured with: --prefix=/Library/Developer/CommandLineTools/usr --with-gxx-include-dir=/usr/include/c++/4.2.1
Apple LLVM version 10.0.0 (clang-1000.10.44.4)
Target: x86_64-apple-darwin17.4.0
Thread model: posix
InstalledDir: /Library/Developer/CommandLineTools/usr/bin
$> clang --version
Apple LLVM version 10.0.0 (clang-1000.10.44.4)
Target: x86_64-apple-darwin17.4.0
Thread model: posix
InstalledDir: /Library/Developer/CommandLineTools/usr/bin

= User files collection ========================================================
Collecting user files from Vogsphere
Repository URL: auto-exam/2019/c-exam-alone-in-the-dark-intermediate/practice-exam_20190820/khou

= Git history ==================================================================
$> git -C /var/folders/47/dllp_tj96hs9wwqlcz5bwc880000gp/T/tmpOcN98D/user log --pretty='%H - %an, %ad : %s'
f32950fbccbce81bae1bbc294bbd66f14968aa7a - Khloe Hou, Mon Aug 19 22:46:09 2019 -0700 : 08/19/2019
541739fa1b58e38d503fd9bc2d885f3f3d829209 - Khloe Hou, Mon Aug 19 22:29:50 2019 -0700 : 1
2ccc3bdb0d7b9078b6078f5fb350b0aa9553814c - Khloe Hou, Mon Aug 19 22:27:32 2019 -0700 : 1
f8ea7db156beed260a88174cf89eff4e2945c244 - Khloe Hou, Mon Aug 19 22:19:42 2019 -0700 : 1
67a0621bb66c8a935f4a794911c695650fa3cfd5 - Khloe Hou, Mon Aug 19 22:15:57 2019 -0700 : 1
 
= Collected files ==========================================
$> ls -lAR /var/folders/47/dllp_tj96hs9wwqlcz5bwc880000gp/T/tmpOcN98D/user
total 8
-rw-r--r--  1 deepthought  deepthought  1231 Aug 19 22:46 __GIT_HISTORY
drwxr-xr-x  3 deepthought  deepthought   102 Aug 19 22:46 can_split
drwxr-xr-x  3 deepthought  deepthought   102 Aug 19 22:46 equation
drwxr-xr-x  3 deepthought  deepthought   102 Aug 19 22:46 is_looping
drwxr-xr-x  3 deepthought  deepthought   102 Aug 19 22:46 stack

/var/folders/47/dllp_tj96hs9wwqlcz5bwc880000gp/T/tmpOcN98D/user/can_split:
total 8
-rw-r--r--  1 deepthought  deepthought  3029 Aug 19 22:46 can_split.c

/var/folders/47/dllp_tj96hs9wwqlcz5bwc880000gp/T/tmpOcN98D/user/equation:
total 8
-rw-r--r--  1 deepthought  deepthought  1176 Aug 19 22:46 equation.c

/var/folders/47/dllp_tj96hs9wwqlcz5bwc880000gp/T/tmpOcN98D/user/is_looping:
total 8
-rw-r--r--  1 deepthought  deepthought  1277 Aug 19 22:46 is_looping.c

/var/folders/47/dllp_tj96hs9wwqlcz5bwc880000gp/T/tmpOcN98D/user/stack:
total 8
-rw-r--r--  1 deepthought  deepthought  1769 Aug 19 22:46 stack.c
 
= can_split ====================================================================
$> gcc -Wextra -Wall -Werror can_split.c main.c -o user_exe 

= Test 1 ===================================================
$> ./t3q500yo436o91lsbjjc1lx1 NNENNEENN
$> diff -U 3 user_output_test1 test1.output | cat -e

Diff OK :D
= Test 2 ===================================================
$> ./jzvdnfs8vec8bjky2fkue59t NNN
$> diff -U 3 user_output_test2 test2.output | cat -e

Diff OK :D
= Test 3 ===================================================
$> ./a9ozxtet167q1ys9oln0tym3 NNNNEN
$> diff -U 3 user_output_test3 test3.output | cat -e

Diff OK :D
= Test 4 ===================================================
$> ./xgtzwf71x1wj2qfh9g2q4c4r NEN
$> diff -U 3 user_output_test4 test4.output | cat -e

Diff OK :D
= Test 5 ===================================================
$> ./ev68ealkhvlf49ydp2f1k9n8 N
$> diff -U 3 user_output_test5 test5.output | cat -e

Diff OK :D
= Test 6 ===================================================
$> ./aaba3wjtbud6cg0ldw06zk19 E
$> diff -U 3 user_output_test6 test6.output | cat -e

Diff OK :D
= Test 7 ===================================================
$> ./wr8rlwzw1ru4aupyr8o5l9mg NNNEENNEEEENNEN
$> diff -U 3 user_output_test7 test7.output | cat -e

Diff OK :D
= Test 8 ===================================================
$> ./9go6krztpd5b3k31kb1os75z NNNEENNEEEENNENEEEEEEEENN
$> diff -U 3 user_output_test8 test8.output | cat -e

Diff OK :D
= Test 9 ===================================================
$> ./lyyd3cqn0mgmdja4vzig9upb NENEEENEEEEEEEN
$> diff -U 3 user_output_test9 test9.output | cat -e

Diff OK :D
= Test 10 ==================================================
$> ./i6jhqudireb9dxkovdr4p0pk 13 4
$> diff -U 3 user_output_test10 test10.output | cat -e

Diff OK :D
= Test 11 ==================================================
$> ./xze1a0ios4ns2207sec33zrv 1000 4
$> diff -U 3 user_output_test11 test11.output | cat -e

Diff OK :D
= Test 12 ==================================================
$> ./z1n2rx1ru9l1cj2p8s9thaub 250000 90
$> diff -U 3 user_output_test12 test12.output | cat -e

Diff OK :D
= Test 13 ==================================================
$> ./5nfvwpo0xkf0waq9oo9qee7i 10001 29 1
$> diff -U 3 user_output_test13 test13.output | cat -e

Diff OK :D
Grade: 1

= Final grade: 1 ===============================================================
