= Host-specific information ====================================================
$> hostname; uname -msr
e1z3r6p11.42.us.org
Darwin 17.4.0 x86_64
$> date
Wed Jan  9 15:21:56 PST 2019
$> gcc --version
Configured with: --prefix=/Library/Developer/CommandLineTools/usr --with-gxx-include-dir=/usr/include/c++/4.2.1
Apple LLVM version 9.1.0 (clang-902.0.39.1)
Target: x86_64-apple-darwin17.4.0
Thread model: posix
InstalledDir: /Library/Developer/CommandLineTools/usr/bin
$> clang --version
Apple LLVM version 9.1.0 (clang-902.0.39.1)
Target: x86_64-apple-darwin17.4.0
Thread model: posix
InstalledDir: /Library/Developer/CommandLineTools/usr/bin

= User files collection ========================================================
Collecting user files from Vogsphere
Repository URL: auto-exam/2019/c-exam-alone-in-the-dark-beginner/practice-exam_20190109/khou2

= Git history ==================================================================
$> git -C /var/folders/_h/9j3yjd9s6d9c3jjxb31ftgbc0000gp/T/tmp5TDeQ0/user log --pretty='%H - %an, %ad : %s'
3ddfbcedaae4e02204a358ada4822fe8cf17ab00 - Khloe Hou, Wed Jan 9 15:21:40 2019 -0800 : 4
475226963b2353d046dde161214c90a5f342bba4 - Khloe Hou, Wed Jan 9 15:06:02 2019 -0800 : 3
86cdef630be0e03ef03e66643a148acf5df0b9b6 - Khloe Hou, Wed Jan 9 13:06:51 2019 -0800 : 2
88c524ecb2ada8d4c5a0b485abffaca4c3af65e4 - Khloe Hou, Wed Jan 9 12:43:16 2019 -0800 : 1
1d8ae811471549eee204f41e1e5f24a30c2a0e6e - Khloe Hou, Wed Jan 9 12:40:16 2019 -0800 : 1
 
= Collected files ==========================================
$> ls -lAR /var/folders/_h/9j3yjd9s6d9c3jjxb31ftgbc0000gp/T/tmp5TDeQ0/user
total 8
-rw-r--r--  1 deepthought  deepthought  1150 Jan  9 15:21 __GIT_HISTORY
drwxr-xr-x  3 deepthought  deepthought   102 Jan  9 15:21 inter
drwxr-xr-x  3 deepthought  deepthought   102 Jan  9 15:21 maff_revalpha
drwxr-xr-x  3 deepthought  deepthought   102 Jan  9 15:21 only_a
drwxr-xr-x  3 deepthought  deepthought   102 Jan  9 15:21 paramsum
drwxr-xr-x  3 deepthought  deepthought   102 Jan  9 15:21 rot_13

/var/folders/_h/9j3yjd9s6d9c3jjxb31ftgbc0000gp/T/tmp5TDeQ0/user/inter:
total 8
-rw-r--r--  1 deepthought  deepthought  1327 Jan  9 15:21 inter.c

/var/folders/_h/9j3yjd9s6d9c3jjxb31ftgbc0000gp/T/tmp5TDeQ0/user/maff_revalpha:
total 8
-rw-r--r--  1 deepthought  deepthought  997 Jan  9 15:21 maff_revalpha.c

/var/folders/_h/9j3yjd9s6d9c3jjxb31ftgbc0000gp/T/tmp5TDeQ0/user/only_a:
total 8
-rw-r--r--  1 deepthought  deepthought  961 Jan  9 15:21 only_a.c

/var/folders/_h/9j3yjd9s6d9c3jjxb31ftgbc0000gp/T/tmp5TDeQ0/user/paramsum:
total 8
-rw-r--r--  1 deepthought  deepthought  1131 Jan  9 15:21 paramsum.c

/var/folders/_h/9j3yjd9s6d9c3jjxb31ftgbc0000gp/T/tmp5TDeQ0/user/rot_13:
total 8
-rw-r--r--  1 deepthought  deepthought  1399 Jan  9 15:21 rot_13.c
 
= paramsum =====================================================================
$> gcc -Wextra -Wall -Werror paramsum.c -o user_exe 

= Test 1 ===================================================
$> ./fhg333wgj7hdteuk78kt53wu 
$> diff -U 3 user_output_test1 test1.output | cat -e

Diff OK :D
= Test 2 ===================================================
$> ./cxb1hrxig2ugxrjd9k7wtpmq "h6Gilontm2q1"
$> diff -U 3 user_output_test2 test2.output | cat -e

Diff OK :D
= Test 3 ===================================================
$> ./qn88w3wz6cltivnpp0tb4cdl "kVa"
$> diff -U 3 user_output_test3 test3.output | cat -e

Diff OK :D
= Test 4 ===================================================
$> ./cfhqkv6d0uz6zl7csq38t8r4 "ExXa3Ncrtb4 2UPdN38c 5KuOnGEpYlViymM 7Q4EjL8rHk3OWb EU0K QBXg3ZuqfFO7Sh GBT5HxF"
$> diff -U 3 user_output_test4 test4.output | cat -e

Diff OK :D
= Test 5 ===================================================
$> ./1p2908pc5yk1k34ytrs7lrm3 "xKkqG0ztN K4hvPQtSDxAwJ35B yZNIQ0WH7GdvUm zYESpI Xj7g2dEUVaM Wnhlo 30Y7xT pjCSwlrKPWaz7Q 4meFbHKRYu5OraBEn 0Ojp4eqc 7dNAvgKGYUwzJuCrF dtUsk6YMSG oQGFP1ZAm9xvO zDjSCBAwTxn5of bgCOa 1HdPJVI4 HxFZlu9n3ftEv2iJ"
$> diff -U 3 user_output_test5 test5.output | cat -e

Diff OK :D
= Test 6 ===================================================
$> ./8w5d9hxf7kgx0a6erfxooy6a "I4MEtAW" "KUp" "PxZtIkDdFJ91plsq" "XMoAvskz6l"
$> diff -U 3 user_output_test6 test6.output | cat -e

Diff OK :D
= Test 7 ===================================================
$> ./m9dk7mjbzhof6dh08gq50go8 "5BO" "Q7WLItqa35h9d8Mwy" "JKOt" "ioymRcp7r" "DwB3IUO5" "Y1Sa8LJVck" "lx36WyAOTNgjR7r" "bMltE6hKj4sS" "nCyoELAK4NSYPk7" "umyMt9Hbs" "Mvckq6YW3EXeCbmH" "rYduI" "GReK0q2dWV7ZU" "6NXmOLsB"
$> diff -U 3 user_output_test7 test7.output | cat -e

Diff OK :D
= Test 8 ===================================================
$> ./hvfelkfz877qf7lujvwc3iia "9ZI42f0oi is15p QgDPoAkbUxK Bm1h3 2IFhKWxMSUD LsZV0eRdch SIidZE0HcGLkrfRna" "vMHscZtnlk5U J4MX 6OhQmkeR BoPaL0d4jyhM NDQc1V6Y XfOZjblg6nTpUhmR Uzgvb5qeop7i0DP 2pTjtFOm Z1MbB0CA2wgYP" "DRuM7jJFvE BTdFpj6e3UXGoqLbh albUvg8ZrwdcR OeZK5M yCOLES70QAGYZBoh QfvoABqYa9pJ FiUzG1pQNmE SDcVHQ68mxGiCX yWC3luOfYXs rivt ntGRE68 wd0XibFu4m PbclhCOMtxAIV" "9ypTPu0WV oIjNlZdgc PMqDm2 EYsXOA08zCuU3GKh gxNO5mMb2soB0nW OeC CvAXluxUW Ays7LdKNGMIXc jkJFKwn24MYo09gtW 8aszS5jPlJ AWGSEb52dOkTF 13v" "wYpUPlcg7y0L1kZ2 LeVSRwizC5vh lhU CvN4BmkrweayXRI 6HmByP orv4USQa5T09yzi 6DZkqgmOK D0j2pBcZtl73aK 5gRAyInaJ2M ZaDGzN1r3 259DBvLPA3gf8lNF mbFOoBS3N2nDy v4PnaqKh0iIkdMYpO BcnU3DEWbVm epMnP2S7wE6kQhKjW" "mMfbG4vRCKqsEIS9 ZFxIl DZOawfj6T aRK8E0FofCTG vryHZx4d KbZ FfMo9bveOcgVlWrTI 0CeEUtY21 z6f0p9xr8U7 KI0QVCaYu6glo EtphTsFVilmM2 6Xf2cgh1sQ7u QTeHoCyfX MAQldb fzAeNbd oWjeR71ZT" "QpcuyYLGm Hq0oab2nPwUf3D4 8V0lqH 1crKybx4FWOTui 1M6Oli XaRNdvmqi2wg5K Vjv6 jHB 1pLDY" "JUeDHn5sBqx z1Gc68enxLAoQDu rFwBHmKOil3JC ktH0YCAVf8T ziY4fTH03bls1V hA6KfEQCZ9U s8XuC auHNZ zRCMd kEByO01Tu5i Wc7p" "WFiasMz4 j9wJu543kZSFKI 3sbFznpaxA4VKh7G mcNgz1eDYMHVO Zbyuht8CVfKSAz0PR E5TQaAxF6ds4CL90 FB7kYPmaz3 EGvPRqYCcyUfS 2OZ3YMpg lOJtid svoDTrWa LrU30wuV mOx1hPGg6BMKdq L3cIn ipD1Bz3 qXpdo5cUimJfTEjs" "1B2MG6x9gXV3 6RXOf oMSJzW0EGAHZimrs n6IfCJwl1cYyu h5cZK0OFPv19C4Ilw 9Me6Y4LEmjtf LJiCfYq7jhTtIGHKw pM2J SoyEFQ3 ZI8hLqpDMnVouEce lihImXDW" "ScAGl1BCP iYIn1RH7wgCxQ mEYw9iIQU3n 8PEJN54Ksi HRGvqEuOwBa PsDcQH0ijhOErRYB oAqHFBXnGWdJ QxLhOGbu rRzBV7uFQ9Z JzRANLtI4X I9GcOFK6Q85Txgbw NEp GwisdT vcVlz05LW hNMGxpYuoBnw0QI QfqK7ZkL6J EFVMwB5za Wb4iDQ3sxtZL" "L9UbKJ6aH HEhTgcpUNWM 0EhgGOTqkbJiRA 6Fs0p avb2uDYKEXnJwl WqK6G0NOs Q2Z0UjyIYs Jz8Msb2ZgXTQlBV 9AM MLcgok oyaFhKrQtOMW8Rdb 3etYTEp"
$> diff -U 3 user_output_test8 test8.output | cat -e

Diff OK :D
= Test 9 ===================================================
$> ./01lpl5kxaud0toc23h0wbt62 "MBhy8AHw2k daZw5eRTuq 2vkryFKGQpDweTqWB w3Wh9G CBugZxL0o vBFDq3s0YJbwx tU3N6 oCBIGL oqle2 GcfugSzApD2 XsfBN6S3" "7xqRHWGBUdVv6 ckEv cKIlL Q4fweDBpGcKr8s6dm tB47dbJzDf QN4z7lIv63oJ" "6WjVB E1ptWbdQ7CcsK4 Q0tgjAuEw TGzMEPeu5Krjq fR8lzVh" "pvT9D rXD ZkJcn4NFMAdjDzuhO 5DKhFZxg6EUA7 DtPhk1CIfw 8RwoxIlA2m spNHUMrjCI" "9WB8UYnsivSgb BqvjR6NSwXnf lBv3N1fZJOd MV4c6L TCOyw1js wAur23FaO7CV1 dcXe1 h6rP7AcSjyLUW wb5cANqk 5YBtn8X13b2Pl49rh 5jzgIQNt3 VTp zDBb3rkUpy WkSnIbKq7a1QPudt2 lTQ8jKgH1FSf6Di7 qBHQtboO1seM5Tz 0XezxoER UNM1Dye" "shFU bgWd Rb5 Rb3kiNPoHeE 1qT3Gz7mB 1PoZFDJd3 M1Ypw mdBcGY BIU153jTCliHVpve i4nTldeUV0SpjI Z9WTvgfQihP 3Br AfN0sbLBl sSrPjIBRNKk4" "Q2NVK Ra7tF1crG fU0OhHJTAM4BNL GF9HmnAZEgcw6z WZhAyugp Yyg0vN4PezOSnf 3uaCkogf1QhpD wM6 G6V9v Z4u9a tFHpUz wVkDo1dR3bT P0JrYCyEeOL CoF7bW04BVjJP5D oMC5cvj6AygFKqB pPRFLNQ3nmfy" "Ynf0VSMRXmZohgba1 N1H0xTysFulr MisX0HbLK EaFklKqMsD RDo7J oSRpbXhGN3m J840sPWmEkXqKh YOsl hp9zZq0viWJ 6Z3wbqOT wRYiE6TV9Hs8AW b2DoahJUGwqr boM2AyisZ1H nSuVERUOD5s9MbK eu5fqHlkh sMhwfalHedUk3j" "ueP XJ9fNPSZb75O Ric RNAZv 2VSLp4 cnjt61h2T 7KLi eW6dXmgLV1Txc q8obIBF0P LOX2Axhm34" "tuLYTF3Irlc6z FQPZ1N2 KSavO9ods fmNQOCRwuEBZ Kapo5NTMWY3QhC" "tl409TOPVSsz7jbRQ JT3yCnM2gaBX Vmg1fDlIpnXwrGC5a 5yf6nGCEsxXocTQve KCkYnMp7WbfOr dDjyTKB3 psgUWiocAurjRmhqH fbEinJa5IlcKyjzGp Jltv X3NkBgK 3tMDY" "QwJFMS6sGP SN2Bg6xtjRfmi XJveN6 1vwST7pJLmGRnrOV LicEp2aAB1JqxYGZ8 rmoZG4k9" "WnjNCv 8XYb71QrMt 21IZCbo3OG x1AbwFyd yT9 xWPb5AXlaGNU1B maVW4E7iNU BAQUw7cz4N3 GyufKnhLd0P fZ9SJBtV yeR0jZAf275W rHbKyxsSQjIe sedGN3CP94bL8JYl" "TO07ShI4cpKr 8b1oc6iQOl ImRVJqco08nja 2s9VpEhJMn iR9t FwthlX5oBCWs6 9ubkBN1t6VJK 0HpwPar 325C06 bRuwFvTUoCz MSQhGfpUn UoGr HJKwbsvl3V4Io1r6k iG7 zRixg TMHt5SGqb9vxBo 7fNCQ9YFt" "2kScDQK fYXqZlotOPvxe4JW a1OP2bkmLGeq pacAhqsx0UuByJ DUwO 5ZiIwGS4TrJvNqzcF RBTWJkpf8H1V EtGnK fHDO W2m5 oR1S5 7bGCl5cWBMHA0Lo DpTVAYMketPC xhWuZN1qfAmLk6oMJ KefB6WipUhJFNj1 CXA9TVN5ZMoj"
$> diff -U 3 user_output_test9 test9.output | cat -e

Diff OK :D
= Test 10 ==================================================
$> ./awyqmf6wadgbs8eu06urqumz "BcuKjeJMI7Dhbig0 6O8 ul0Kc6qVL7jZnNsG uvS16V29d" "qR0FK LPG uF0x7LjTpbaJe5H qes9vyDRj3VPwr4 bknG WUcKmF8 CwztyNKEfFP UfZFz v5uPNqWxAMXLEGYCc fTwQp yvkipaH9B8JgbuoN RS45YBhJPHQmquc WOre 0AWrGHLDsxPfQqt" "IkOlHyzVuoiRcAp 3LRWASJM ds91bTheKpOrlEm b1RuDs rLU6tMjPaX UG2lQuYODt tlP9Zr RH9GFynMjqU3 W1yrcl pdW0sZx2o YEiueaLp bTY0AMOnm" "lU9 DMyhIbm3 l4R9NAjGJ krnJex ZIgncH4J8a6 0GF7 TudvEKBZrAfk4 pnVqN60etJzBGPg9 vKWrqMYD1gbT" "SPps e3Z65A9kcRv BwnJlF1NiQe4xh m5kse6nEHhlAb SIO2XmcpzZCu0wYW 0I6 jNz gMV4x yNMpJGRZboCqW tvnko tlRK0TLzoY Hy3xcl vGUYZ1HPEb rK8CqtZfL73" "DB2Ue 9Umuk IaQ1yRJ UuvFp7zyn" "QYvgta7sDp digU0QGZ6z KhYx zeC2AUckX08Gm5Q 7DRig50tmPsHQl64I KWcFCLx8" "CyFMo61bwU8HLQn phdmVEerwb KwMGCYc0SfXiR 9y2mtJoP 5LP1JimH izoILtJw MTFtmPU1vEoz3LcH JDrCATNx JDRmyHCUqQ7u 2GnZ 8iobpCsOnVB umUAXG6DC7FOQSkH8 hCULVf3q" "HfBhy JA6LMNoUDGZurIje3 dVC4N52WMZImLOPp bCvJoV5lPLOw FMLlXz8vC7 sNJegC6RDVfh sf8aFgXHb SRcvfU6 aNTZ tdsLwTh7EfM dK54Pt d9nHw h9qQd0rl PHYKoUyXc"
$> diff -U 3 user_output_test10 test10.output | cat -e

Diff OK :D
Grade: 1

= Final grade: 1 ===============================================================
