= Host-specific information ====================================================
$> hostname; uname -msr
e1z3r7p1.42.us.org
Darwin 17.4.0 x86_64
$> date
Tue Jan  8 16:59:58 PST 2019
$> gcc --version
Configured with: --prefix=/Library/Developer/CommandLineTools/usr --with-gxx-include-dir=/usr/include/c++/4.2.1
Apple LLVM version 9.1.0 (clang-902.0.39.1)
Target: x86_64-apple-darwin17.4.0
Thread model: posix
InstalledDir: /Library/Developer/CommandLineTools/usr/bin
$> clang --version
Apple LLVM version 9.1.0 (clang-902.0.39.1)
Target: x86_64-apple-darwin17.4.0
Thread model: posix
InstalledDir: /Library/Developer/CommandLineTools/usr/bin

= User files collection ========================================================
Collecting user files from Vogsphere
Repository URL: auto-exam/2019/c-exam-alone-in-the-dark-beginner/practice-exam_20190109/khou

= Git history ==================================================================
$> git -C /var/folders/_k/3fk82d6n5595c9ync2t4c_6m0000gp/T/tmpKlMB48/user log --pretty='%H - %an, %ad : %s'
5e8e123376a4f1ac1f83b38b60f75558f524555b - Khloe Hou, Tue Jan 8 16:59:43 2019 -0800 : 5
66e451f83ca29319ff42842efe45069cb1b03bd6 - Khloe Hou, Tue Jan 8 16:56:26 2019 -0800 : 4
2c8fd87f97dea16cd279679c63c32ffc123b9276 - Khloe Hou, Tue Jan 8 16:52:23 2019 -0800 : 3
004ba58036444b4d6523fcca6dfa815abad37080 - Khloe Hou, Tue Jan 8 16:33:18 2019 -0800 : 2
2b3f88e27f5e51a9b47fac8abfa7a985d67e8ced - Khloe Hou, Tue Jan 8 16:15:16 2019 -0800 : 1
 
= Collected files ==========================================
$> ls -lAR /var/folders/_k/3fk82d6n5595c9ync2t4c_6m0000gp/T/tmpKlMB48/user
total 8
-rw-r--r--  1 deepthought  deepthought  1202 Jan  8 17:00 __GIT_HISTORY
drwxr-xr-x  3 deepthought  deepthought   102 Jan  8 17:00 ft_countdown
drwxr-xr-x  3 deepthought  deepthought   102 Jan  8 17:00 last_word
drwxr-xr-x  3 deepthought  deepthought   102 Jan  8 17:00 pgcd
drwxr-xr-x  3 deepthought  deepthought   102 Jan  8 17:00 rev_print
drwxr-xr-x  3 deepthought  deepthought   102 Jan  8 17:00 sort_list

/var/folders/_k/3fk82d6n5595c9ync2t4c_6m0000gp/T/tmpKlMB48/user/ft_countdown:
total 8
-rw-r--r--  1 deepthought  deepthought  973 Jan  8 17:00 ft_countdown.c

/var/folders/_k/3fk82d6n5595c9ync2t4c_6m0000gp/T/tmpKlMB48/user/last_word:
total 8
-rw-r--r--  1 deepthought  deepthought  1345 Jan  8 17:00 last_word.c

/var/folders/_k/3fk82d6n5595c9ync2t4c_6m0000gp/T/tmpKlMB48/user/pgcd:
total 8
-rw-r--r--  1 deepthought  deepthought  1383 Jan  8 17:00 pgcd.c

/var/folders/_k/3fk82d6n5595c9ync2t4c_6m0000gp/T/tmpKlMB48/user/rev_print:
total 8
-rw-r--r--  1 deepthought  deepthought  1172 Jan  8 17:00 rev_print.c

/var/folders/_k/3fk82d6n5595c9ync2t4c_6m0000gp/T/tmpKlMB48/user/sort_list:
total 8
-rw-r--r--  1 deepthought  deepthought  1382 Jan  8 17:00 sort_list.c
 
= sort_list ====================================================================
$> gcc -Wextra -Wall -Werror sort_list.c main.c -o user_exe 

= Test 1 ===================================================
$> ./u4qlphrmc2ag6gr18e5sdx8x
$> diff -U 3 user_output_test1 test1.output | cat -e

Diff OK :D
Grade: 1

= Final grade: 1 ===============================================================
