= Host-specific information ====================================================
$> hostname; uname -msr
e1z1r3p32.42.us.org
Darwin 17.4.0 x86_64
$> date
Wed Jan  9 15:06:13 PST 2019
$> gcc --version
Configured with: --prefix=/Library/Developer/CommandLineTools/usr --with-gxx-include-dir=/usr/include/c++/4.2.1
Apple LLVM version 9.1.0 (clang-902.0.39.2)
Target: x86_64-apple-darwin17.4.0
Thread model: posix
InstalledDir: /Library/Developer/CommandLineTools/usr/bin
$> clang --version
Apple LLVM version 9.1.0 (clang-902.0.39.2)
Target: x86_64-apple-darwin17.4.0
Thread model: posix
InstalledDir: /Library/Developer/CommandLineTools/usr/bin

= User files collection ========================================================
Collecting user files from Vogsphere
Repository URL: auto-exam/2019/c-exam-alone-in-the-dark-beginner/practice-exam_20190109/khou2

= Git history ==================================================================
$> git -C /var/folders/56/5mmh766s1gqf2xyxn72b_0jc0000gp/T/tmpSuUoa5/user log --pretty='%H - %an, %ad : %s'
475226963b2353d046dde161214c90a5f342bba4 - Khloe Hou, Wed Jan 9 15:06:02 2019 -0800 : 3
86cdef630be0e03ef03e66643a148acf5df0b9b6 - Khloe Hou, Wed Jan 9 13:06:51 2019 -0800 : 2
88c524ecb2ada8d4c5a0b485abffaca4c3af65e4 - Khloe Hou, Wed Jan 9 12:43:16 2019 -0800 : 1
1d8ae811471549eee204f41e1e5f24a30c2a0e6e - Khloe Hou, Wed Jan 9 12:40:16 2019 -0800 : 1
 
= Collected files ==========================================
$> ls -lAR /var/folders/56/5mmh766s1gqf2xyxn72b_0jc0000gp/T/tmpSuUoa5/user
total 8
-rw-r--r--  1 deepthought  deepthought  919 Jan  9 15:06 __GIT_HISTORY
drwxr-xr-x  3 deepthought  deepthought  102 Jan  9 15:06 inter
drwxr-xr-x  3 deepthought  deepthought  102 Jan  9 15:06 maff_revalpha
drwxr-xr-x  3 deepthought  deepthought  102 Jan  9 15:06 only_a
drwxr-xr-x  3 deepthought  deepthought  102 Jan  9 15:06 rot_13

/var/folders/56/5mmh766s1gqf2xyxn72b_0jc0000gp/T/tmpSuUoa5/user/inter:
total 8
-rw-r--r--  1 deepthought  deepthought  1327 Jan  9 15:06 inter.c

/var/folders/56/5mmh766s1gqf2xyxn72b_0jc0000gp/T/tmpSuUoa5/user/maff_revalpha:
total 8
-rw-r--r--  1 deepthought  deepthought  997 Jan  9 15:06 maff_revalpha.c

/var/folders/56/5mmh766s1gqf2xyxn72b_0jc0000gp/T/tmpSuUoa5/user/only_a:
total 8
-rw-r--r--  1 deepthought  deepthought  961 Jan  9 15:06 only_a.c

/var/folders/56/5mmh766s1gqf2xyxn72b_0jc0000gp/T/tmpSuUoa5/user/rot_13:
total 8
-rw-r--r--  1 deepthought  deepthought  1399 Jan  9 15:06 rot_13.c
 
= inter ========================================================================
$> gcc -Wextra -Wall -Werror inter.c -o user_exe 

= Test 1 ===================================================
$> ./p4kjt71p5k4772kybd6vakab 
$> diff -U 3 user_output_test1 test1.output | cat -e

Diff OK :D
= Test 2 ===================================================
$> ./be3j3qi3ijqe4u5pdlxejyb6 "salut a tous tout le monde"
$> diff -U 3 user_output_test2 test2.output | cat -e

Diff OK :D
= Test 3 ===================================================
$> ./9pvwd22e5fxj9vrrtgrdseaj "salut" "a" "tous" "tout" "le" "monde"
$> diff -U 3 user_output_test3 test3.output | cat -e

Diff OK :D
= Test 4 ===================================================
$> ./1izpstay5uwesb9uoir9a3j2 "llo" "helllo"
$> diff -U 3 user_output_test4 test4.output | cat -e

Diff OK :D
= Test 5 ===================================================
$> ./uy68crf2gpla48aotod6juc2 "aKXlPhM7IOj" "AeDN6aw"
$> diff -U 3 user_output_test5 test5.output | cat -e

Diff OK :D
= Test 6 ===================================================
$> ./98oo7mioab5fjdr0p2dm8q7g "efLB" "C0pJjNFd4zk"
$> diff -U 3 user_output_test6 test6.output | cat -e

Diff OK :D
= Test 7 ===================================================
$> ./p3029oqzpb1hg43byp615gvi "P3aso2M" "P3s2"
$> diff -U 3 user_output_test7 test7.output | cat -e

Diff OK :D
= Test 8 ===================================================
$> ./thy49inpkwftoc4uqdeu88gs "6Mx1mD8K0SZEw2Lh" "NB9cR"
$> diff -U 3 user_output_test8 test8.output | cat -e

Diff OK :D
= Test 9 ===================================================
$> ./tbwmk0du4to9jkzw2gd97dv5 "39zwP" "3w"
$> diff -U 3 user_output_test9 test9.output | cat -e

Diff OK :D
= Test 10 ==================================================
$> ./h26lrnz8x5ehn3hwz5tnxe6u "9OKqMVfeAD4rwb" "sz8I"
$> diff -U 3 user_output_test10 test10.output | cat -e

Diff OK :D
= Test 11 ==================================================
$> ./n824euvgmybqf70m9w5mvevh "u6znhSTUoKPGH" "6nhTUKPH"
$> diff -U 3 user_output_test11 test11.output | cat -e

Diff OK :D
= Test 12 ==================================================
$> ./c7hnnewx9oac6fst2wzyi8cl "XjtGH" "jG"
$> diff -U 3 user_output_test12 test12.output | cat -e

Diff OK :D
= Test 13 ==================================================
$> ./3lj05a9g2ivw8vncf3mftqd3 "Bilftx" "yrMk3T6A9cIG"
$> diff -U 3 user_output_test13 test13.output | cat -e

Diff OK :D
= Test 14 ==================================================
$> ./ba5104vmmi4rbxwd7tzkasd3 "cKTR97FEkw" "CJ1oPrWfOURX"
$> diff -U 3 user_output_test14 test14.output | cat -e

Diff OK :D
= Test 15 ==================================================
$> ./7d1j4svybgp13d51ntjuigda "qcL" "plO7"
$> diff -U 3 user_output_test15 test15.output | cat -e

Diff OK :D
= Test 16 ==================================================
$> ./ewlwvjgjd5d5ho08lg7b3nlr "rgIXnmFMuNzEy" "IXnMNE"
$> diff -U 3 user_output_test16 test16.output | cat -e

Diff OK :D
= Test 17 ==================================================
$> ./r8nibwkoe8hikemtn9a2ig12 "ba9YejKM" "TEvAcJo0brO"
$> diff -U 3 user_output_test17 test17.output | cat -e

Diff OK :D
= Test 18 ==================================================
$> ./gin5euou9gw650rqnckj52mq "LFMatCjJ" "LMaj"
$> diff -U 3 user_output_test18 test18.output | cat -e

Diff OK :D
= Test 19 ==================================================
$> ./vw3dkly0yqb80af0htb580qr "Im08s" "mWbdENxfSR"
$> diff -U 3 user_output_test19 test19.output | cat -e

Diff OK :D
= Test 20 ==================================================
$> ./cpa895i4kpswqnk7ski8sx4o "Gfv94aCO3hk2J" "FDRKVftElnoh7934"
$> diff -U 3 user_output_test20 test20.output | cat -e

Diff OK :D
Grade: 1

= Final grade: 1 ===============================================================
