= Host-specific information ====================================================
$> hostname; uname -msr
e1z2r5p20.42.us.org
Darwin 17.7.0 x86_64
$> date
Sun Aug 18 16:46:03 PDT 2019
$> gcc --version
Configured with: --prefix=/Library/Developer/CommandLineTools/usr --with-gxx-include-dir=/usr/include/c++/4.2.1
Apple LLVM version 9.0.0 (clang-900.0.39.2)
Target: x86_64-apple-darwin17.7.0
Thread model: posix
InstalledDir: /Library/Developer/CommandLineTools/usr/bin
$> clang --version
Apple LLVM version 9.0.0 (clang-900.0.39.2)
Target: x86_64-apple-darwin17.7.0
Thread model: posix
InstalledDir: /Library/Developer/CommandLineTools/usr/bin

= User files collection ========================================================
Collecting user files from Vogsphere
Repository URL: auto-exam/2019/c-exam-alone-in-the-dark-intermediate/practice-exam_20190818/khou

= Git history ==================================================================
$> git -C /var/folders/nf/602w9vzn5z94mbng99df9vj00000gp/T/tmps7QZdj/user log --pretty='%H - %an, %ad : %s'
b5249c2f3085ffb1b2ab9b4eb9e13df7bf6a6239 - Khloe Hou, Sun Aug 18 16:45:50 2019 -0700 : 1
 
= Collected files ==========================================
$> ls -lAR /var/folders/nf/602w9vzn5z94mbng99df9vj00000gp/T/tmps7QZdj/user
total 8
-rw-r--r--  1 deepthought  deepthought  232 Aug 18 16:46 __GIT_HISTORY
drwxr-xr-x  3 deepthought  deepthought  102 Aug 18 16:46 count_of_2

/var/folders/nf/602w9vzn5z94mbng99df9vj00000gp/T/tmps7QZdj/user/count_of_2:
total 8
-rw-r--r--  1 deepthought  deepthought  1082 Aug 18 16:46 count_of_2.c
 
= count_of_2 ===================================================================
$> gcc -Wextra -Wall -Werror main.c count_of_2.c -o user_exe 

= Test 1 ===================================================
$> ./oukzdznlrulwhp7gaz0t1p3d -1
$> diff -U 3 user_output_test1 test1.output | cat -e

Diff OK :D
= Test 2 ===================================================
$> ./36kw8oi1qazniwtzcjq7ji5b 0
$> diff -U 3 user_output_test2 test2.output | cat -e

Diff OK :D
= Test 3 ===================================================
$> ./and7e8h7q49fjuk9n519xks0 1
$> diff -U 3 user_output_test3 test3.output | cat -e

Diff OK :D
= Test 4 ===================================================
$> ./gltk7v2f0gbgtzopogel4626 13
$> diff -U 3 user_output_test4 test4.output | cat -e

Diff OK :D
= Test 5 ===================================================
$> ./lztsymjr6xuatc653evrl896 3
$> diff -U 3 user_output_test5 test5.output | cat -e

Diff OK :D
= Test 6 ===================================================
$> ./w8b2cydqdhl5zyqlj2nlc56j 25
$> diff -U 3 user_output_test6 test6.output | cat -e

Diff OK :D
= Test 7 ===================================================
$> ./hfufztnenkf6d2obvif82et5 300
$> diff -U 3 user_output_test7 test7.output | cat -e

Diff OK :D
= Test 8 ===================================================
$> ./ebrwc81ex94g1x9no4509a0f 1000
$> diff -U 3 user_output_test8 test8.output | cat -e

Diff OK :D
= Test 9 ===================================================
$> ./fzgk04mrj1bc0xy8i3oxix2f 424242
$> diff -U 3 user_output_test9 test9.output | cat -e

Diff OK :D
Grade: 1

= Final grade: 1 ===============================================================
