= Host-specific information ====================================================
$> hostname; uname -msr
e1z3r2p15.42.us.org
Darwin 17.4.0 x86_64
$> date
Mon Jul 29 20:05:21 PDT 2019
$> gcc --version
Configured with: --prefix=/Library/Developer/CommandLineTools/usr --with-gxx-include-dir=/usr/include/c++/4.2.1
Apple LLVM version 9.1.0 (clang-902.0.39.1)
Target: x86_64-apple-darwin17.4.0
Thread model: posix
InstalledDir: /Library/Developer/CommandLineTools/usr/bin
$> clang --version
Apple LLVM version 9.1.0 (clang-902.0.39.1)
Target: x86_64-apple-darwin17.4.0
Thread model: posix
InstalledDir: /Library/Developer/CommandLineTools/usr/bin

= User files collection ========================================================
Collecting user files from Vogsphere
Repository URL: auto-exam/2019/c-exam-alone-in-the-dark-intermediate/practice-exam_20190730/khou

= Git history ==================================================================
$> git -C /var/folders/nx/m9ycfh6d5vsd7jb_gh3ty3_r0000gp/T/tmpI1iicS/user log --pretty='%H - %an, %ad : %s'
c28b4a6dc136b5df1c3423094da40976a97d7d42 - Khloe Hou, Mon Jul 29 20:05:09 2019 -0700 : 1
 
= Collected files ==========================================
$> ls -lAR /var/folders/nx/m9ycfh6d5vsd7jb_gh3ty3_r0000gp/T/tmpI1iicS/user
total 8
-rw-r--r--  1 deepthought  deepthought  253 Jul 29 20:05 __GIT_HISTORY
drwxr-xr-x  3 deepthought  deepthought  102 Jul 29 20:05 count_of_2

/var/folders/nx/m9ycfh6d5vsd7jb_gh3ty3_r0000gp/T/tmpI1iicS/user/count_of_2:
total 8
-rw-r--r--  1 deepthought  deepthought  1385 Jul 29 20:05 count_of_2.c
 
= count_of_2 ===================================================================
$> gcc -Wextra -Wall -Werror main.c count_of_2.c -o user_exe 

= Test 1 ===================================================
$> ./3qpjr4h7l1zf2iiyeclxsdmy -1
$> diff -U 3 user_output_test1 test1.output | cat -e

Diff OK :D
= Test 2 ===================================================
$> ./kwqqdb14k7fsjn2j8rfkvn7y 0
$> diff -U 3 user_output_test2 test2.output | cat -e

Diff OK :D
= Test 3 ===================================================
$> ./3axudv9fs4rld22s0x1pal65 1
$> diff -U 3 user_output_test3 test3.output | cat -e

Diff OK :D
= Test 4 ===================================================
$> ./h25fu1ca15eluojzqi3303gv 13
$> diff -U 3 user_output_test4 test4.output | cat -e

Diff OK :D
= Test 5 ===================================================
$> ./syx41fqwgrr6164ypxdmiw4f 3
$> diff -U 3 user_output_test5 test5.output | cat -e

Diff OK :D
= Test 6 ===================================================
$> ./nbb9ggq6o78hltcap85v9289 25
$> diff -U 3 user_output_test6 test6.output | cat -e

Diff OK :D
= Test 7 ===================================================
$> ./7zw194g243v3vwhl2b57ib6f 300
$> diff -U 3 user_output_test7 test7.output | cat -e

Diff OK :D
= Test 8 ===================================================
$> ./hcc0h61u0e3ksqe3fdxna4ck 1000
$> diff -U 3 user_output_test8 test8.output | cat -e

Diff OK :D
= Test 9 ===================================================
$> ./k8629dqo6i75p47utzvcsqhi 424242
$> diff -U 3 user_output_test9 test9.output | cat -e

Diff OK :D
Grade: 1

= Final grade: 1 ===============================================================
