= Host-specific information ====================================================
$> hostname; uname -msr
e1z2r7p3.42.us.org
Darwin 17.4.0 x86_64
$> date
Sun Jul 28 19:14:55 PDT 2019
$> gcc --version
Configured with: --prefix=/Library/Developer/CommandLineTools/usr --with-gxx-include-dir=/usr/include/c++/4.2.1
Apple LLVM version 9.1.0 (clang-902.0.39.2)
Target: x86_64-apple-darwin17.4.0
Thread model: posix
InstalledDir: /Library/Developer/CommandLineTools/usr/bin
$> clang --version
Apple LLVM version 9.1.0 (clang-902.0.39.2)
Target: x86_64-apple-darwin17.4.0
Thread model: posix
InstalledDir: /Library/Developer/CommandLineTools/usr/bin

= User files collection ========================================================
Collecting user files from Vogsphere
Repository URL: auto-exam/2019/c-exam-alone-in-the-dark-intermediate/practice-exam_20190729/khou

= Git history ==================================================================
$> git -C /var/folders/p7/q3kt5ch50_z2kh9spsnl9r580000gp/T/tmpuibURa/user log --pretty='%H - %an, %ad : %s'
fcb8e6bf45f17a24518b401035aced59a2682d57 - Khloe Hou, Sun Jul 28 19:14:46 2019 -0700 : 2
a4f90e61ccb7344a9dd16a7a8695fc1a712f7d51 - Khloe Hou, Sun Jul 28 19:08:56 2019 -0700 : 1
4c0a6f19b0e4ef32f48d3b9a634f7b23c8fa79c6 - Khloe Hou, Sun Jul 28 19:02:49 2019 -0700 : 1
4303c91b700402f2dd6adaefc22e291d12ed7724 - Khloe Hou, Sun Jul 28 18:54:12 2019 -0700 : 1
 
= Collected files ==========================================
$> ls -lAR /var/folders/p7/q3kt5ch50_z2kh9spsnl9r580000gp/T/tmpuibURa/user
total 8
-rw-r--r--  1 deepthought  deepthought  999 Jul 28 19:14 __GIT_HISTORY
drwxr-xr-x  3 deepthought  deepthought  102 Jul 28 19:14 count_of_2
drwxr-xr-x  3 deepthought  deepthought  102 Jul 28 19:14 find_pivot
drwxr-xr-x  3 deepthought  deepthought  102 Jul 28 19:14 height_tree
drwxr-xr-x  3 deepthought  deepthought  102 Jul 28 19:14 print_doublon

/var/folders/p7/q3kt5ch50_z2kh9spsnl9r580000gp/T/tmpuibURa/user/count_of_2:
total 8
-rw-r--r--  1 deepthought  deepthought  1219 Jul 28 19:14 count_of_2.c

/var/folders/p7/q3kt5ch50_z2kh9spsnl9r580000gp/T/tmpuibURa/user/find_pivot:
total 8
-rw-r--r--  1 deepthought  deepthought  1334 Jul 28 19:14 find_pivot.c

/var/folders/p7/q3kt5ch50_z2kh9spsnl9r580000gp/T/tmpuibURa/user/height_tree:
total 8
-rw-r--r--  1 deepthought  deepthought  1949 Jul 28 19:14 height_tree.c

/var/folders/p7/q3kt5ch50_z2kh9spsnl9r580000gp/T/tmpuibURa/user/print_doublon:
total 8
-rw-r--r--  1 deepthought  deepthought  1215 Jul 28 19:14 print_doublon.c
 
= height_tree ==================================================================
$> gcc -Wextra -Wall -Werror height_tree.c main.c -o user_exe 

= Test 1 ===================================================
$> ./5qe9106x2hxkb8yoyeveau1p 0
$> diff -U 3 user_output_test1 test1.output | cat -e

Diff OK :D
= Test 2 ===================================================
$> ./3pzk7ibzqg24wmajaw5wruy8 1
$> diff -U 3 user_output_test2 test2.output | cat -e

Diff OK :D
= Test 3 ===================================================
$> ./vezm8crz64diccaklbysuwds 2
$> diff -U 3 user_output_test3 test3.output | cat -e

Diff OK :D
= Test 4 ===================================================
$> ./ohh9s68cb7u6yxrq8cezu9aa 106
$> diff -U 3 user_output_test4 test4.output | cat -e

Diff OK :D
= Test 5 ===================================================
$> ./teusfle1gmxnq66960g70uq9 4
$> diff -U 3 user_output_test5 test5.output | cat -e

Diff OK :D
= Test 6 ===================================================
$> ./v0jf7k8fw4d4p0o3zp5r9wag 5
$> diff -U 3 user_output_test6 test6.output | cat -e

Diff OK :D
= Test 7 ===================================================
$> ./3mw20o65evxecccw732z935z 6
$> diff -U 3 user_output_test7 test7.output | cat -e

Diff OK :D
= Test 8 ===================================================
$> ./1vjy49i28wxwsugzxgz9fmxv 7
$> diff -U 3 user_output_test8 test8.output | cat -e

Diff OK :D
= Test 9 ===================================================
$> ./tw2u0b38bxtrfcpk45kwb018 107
$> diff -U 3 user_output_test9 test9.output | cat -e

Diff OK :D
= Test 10 ==================================================
$> ./y39aovzuu95u4xl5qyhzw8g1 9
$> diff -U 3 user_output_test10 test10.output | cat -e

Diff OK :D
= Test 11 ==================================================
$> ./q5rf0g2miuvkyb9unhdtdrm0 208
$> diff -U 3 user_output_test11 test11.output | cat -e

Diff OK :D
= Test 12 ==================================================
$> ./ijdsa7zx2ermm24rpkqdeb7i 421421
$> diff -U 3 user_output_test12 test12.output | cat -e

Diff OK :D
= Test 13 ==================================================
$> ./qu9yygz5mcos6ueunqt1kgb5 12
$> diff -U 3 user_output_test13 test13.output | cat -e

Diff OK :D
= Test 14 ==================================================
$> ./dihwu09z4kcg91z2c7hnxul4 13
$> diff -U 3 user_output_test14 test14.output | cat -e

Diff OK :D
= Test 15 ==================================================
$> ./r7cvwsuampduo9j5ypjahlw5 14
$> diff -U 3 user_output_test15 test15.output | cat -e

Diff OK :D
= Test 16 ==================================================
$> ./83z04xdzzeipx64qapylgptc 15
$> diff -U 3 user_output_test16 test16.output | cat -e

Diff OK :D
= Test 17 ==================================================
$> ./ejog6wn0nbp9mht8lpb3n4zp 1001
$> diff -U 3 user_output_test17 test17.output | cat -e

Diff OK :D
= Test 18 ==================================================
$> ./3vz6kelcfm2o70b7ca142dl4 17
$> diff -U 3 user_output_test18 test18.output | cat -e

Diff OK :D
= Test 19 ==================================================
$> ./inu4cnjt1yky3pxyqnczes7z 47
$> diff -U 3 user_output_test19 test19.output | cat -e

Diff OK :D
= Test 20 ==================================================
$> ./ax9a65z76hbk6d10h272reu6 116
$> diff -U 3 user_output_test20 test20.output | cat -e

Diff OK :D
Grade: 1

= Final grade: 1 ===============================================================
