= Host-specific information ====================================================
$> hostname; uname -msr
e1z1r4p17.42.us.org
Darwin 17.5.0 x86_64
$> date
Wed Jan 16 18:50:48 PST 2019
$> gcc --version
Configured with: --prefix=/Library/Developer/CommandLineTools/usr --with-gxx-include-dir=/usr/include/c++/4.2.1
Apple LLVM version 9.1.0 (clang-902.0.39.1)
Target: x86_64-apple-darwin17.5.0
Thread model: posix
InstalledDir: /Library/Developer/CommandLineTools/usr/bin
$> clang --version
Apple LLVM version 9.1.0 (clang-902.0.39.1)
Target: x86_64-apple-darwin17.5.0
Thread model: posix
InstalledDir: /Library/Developer/CommandLineTools/usr/bin

= User files collection ========================================================
Collecting user files from Vogsphere
Repository URL: auto-exam/2019/c-exam-alone-in-the-dark-beginner/practice-exam_20190117/khou

= Git history ==================================================================
$> git -C /var/folders/2c/4k3wfg957q7cgmjkpp4tzv800000gp/T/tmpm5Zwp4/user log --pretty='%H - %an, %ad : %s'
63e57b758c077e19b073c03b9d5891d8aad859ec - Khloe Hou, Wed Jan 16 18:50:38 2019 -0800 : 5
24f56fa685b071c55c84f0aa002919c0199f969d - Khloe Hou, Wed Jan 16 17:54:37 2019 -0800 : 4
35c02aada458a60fcd5e12e9d4349ce1ed6a6a7d - Khloe Hou, Wed Jan 16 17:51:18 2019 -0800 : 3
ddf5853670f0fa7f85b8a64de07da126a92c89a2 - Khloe Hou, Wed Jan 16 17:48:47 2019 -0800 : 2
305f02cfdd2c25283cbee0b6ca9abdefe688e56c - Khloe Hou, Wed Jan 16 17:46:26 2019 -0800 : 1
 
= Collected files ==========================================
$> ls -lAR /var/folders/2c/4k3wfg957q7cgmjkpp4tzv800000gp/T/tmpm5Zwp4/user
total 8
-rw-r--r--  1 deepthought  deepthought  1270 Jan 16 18:50 __GIT_HISTORY
drwxr-xr-x  3 deepthought  deepthought   102 Jan 16 18:50 aff_last_param
drwxr-xr-x  3 deepthought  deepthought   102 Jan 16 18:50 ft_itoa
drwxr-xr-x  4 deepthought  deepthought   136 Jan 16 18:50 ft_list_size
drwxr-xr-x  3 deepthought  deepthought   102 Jan 16 18:50 max
drwxr-xr-x  3 deepthought  deepthought   102 Jan 16 18:50 search_and_replace

/var/folders/2c/4k3wfg957q7cgmjkpp4tzv800000gp/T/tmpm5Zwp4/user/aff_last_param:
total 8
-rw-r--r--  1 deepthought  deepthought  1049 Jan 16 18:50 aff_last_param.c

/var/folders/2c/4k3wfg957q7cgmjkpp4tzv800000gp/T/tmpm5Zwp4/user/ft_itoa:
total 8
-rw-r--r--  1 deepthought  deepthought  1492 Jan 16 18:50 ft_itoa.c

/var/folders/2c/4k3wfg957q7cgmjkpp4tzv800000gp/T/tmpm5Zwp4/user/ft_list_size:
total 16
-rw-r--r--  1 deepthought  deepthought  1034 Jan 16 18:50 ft_list.h
-rw-r--r--  1 deepthought  deepthought  1336 Jan 16 18:50 ft_list_size.c

/var/folders/2c/4k3wfg957q7cgmjkpp4tzv800000gp/T/tmpm5Zwp4/user/max:
total 8
-rw-r--r--  1 deepthought  deepthought  1090 Jan 16 18:50 max.c

/var/folders/2c/4k3wfg957q7cgmjkpp4tzv800000gp/T/tmpm5Zwp4/user/search_and_replace:
total 8
-rw-r--r--  1 deepthought  deepthought  1248 Jan 16 18:50 search_and_replace.c
 
= ft_itoa ======================================================================
$> gcc -Wextra -Wall -Werror main.c ft_itoa.c -o user_exe 

= Test 1 ===================================================
$> ./iz7jx8xguxro6qwd0wd95uyu 
$> diff -U 3 user_output_test1 test1.output | cat -e

Diff OK :D
= Test 2 ===================================================
$> ./wzpw134fyxgyg63uqxlrp2x0 "1" "2" "3" "4" "5" "6"
$> diff -U 3 user_output_test2 test2.output | cat -e

Diff OK :D
= Test 3 ===================================================
$> ./6x6yhtswludoeslj0b276mqs 0
$> diff -U 3 user_output_test3 test3.output | cat -e

Diff OK :D
= Test 4 ===================================================
$> ./5qc6w4a7t6s8dklbyqd0qwi0 2147483647
$> diff -U 3 user_output_test4 test4.output | cat -e

Diff OK :D
= Test 5 ===================================================
$> ./xuranwncseh7854u39hv1kbp -2147483648
$> diff -U 3 user_output_test5 test5.output | cat -e

Diff OK :D
= Test 6 ===================================================
$> ./qzait1itod2csqoljxfem8x9 -65
$> diff -U 3 user_output_test6 test6.output | cat -e

Diff OK :D
= Test 7 ===================================================
$> ./bth2qjprpk6i9vngb5znuba8 19
$> diff -U 3 user_output_test7 test7.output | cat -e

Diff OK :D
= Test 8 ===================================================
$> ./ky1tiss6r8xoitiml2n7i23k 119
$> diff -U 3 user_output_test8 test8.output | cat -e

Diff OK :D
= Test 9 ===================================================
$> ./w1nqr2o88uk9mjnd8w04h8xr -44
$> diff -U 3 user_output_test9 test9.output | cat -e

Diff OK :D
= Test 10 ==================================================
$> ./8ropvez7qo2vj6vti9igt2os -9
$> diff -U 3 user_output_test10 test10.output | cat -e

Diff OK :D
= Test 11 ==================================================
$> ./h712nr3hp79zx5dlk8uxyquk 1993541
$> diff -U 3 user_output_test11 test11.output | cat -e

Diff OK :D
= Test 12 ==================================================
$> ./hn8kkqwl31gvnq8mkvvdvakd -1259142
$> diff -U 3 user_output_test12 test12.output | cat -e

Diff OK :D
= Test 13 ==================================================
$> ./5vo76n9zj7bqhmujz476yurj 1567931
$> diff -U 3 user_output_test13 test13.output | cat -e

Diff OK :D
= Test 14 ==================================================
$> ./ui5b0rbs4274dvhrodx3g48z 44940
$> diff -U 3 user_output_test14 test14.output | cat -e

Diff OK :D
= Test 15 ==================================================
$> ./315om1gc554ret1axyzcyvcw 1452475
$> diff -U 3 user_output_test15 test15.output | cat -e

Diff OK :D
Grade: 1

= Final grade: 1 ===============================================================
