= Host-specific information ====================================================
$> hostname; uname -msr
e1z3r3p25.42.us.org
Darwin 17.4.0 x86_64
$> date
Thu Jan 17 20:17:29 PST 2019
$> gcc --version
Configured with: --prefix=/Library/Developer/CommandLineTools/usr --with-gxx-include-dir=/usr/include/c++/4.2.1
Apple LLVM version 9.1.0 (clang-902.0.39.2)
Target: x86_64-apple-darwin17.4.0
Thread model: posix
InstalledDir: /Library/Developer/CommandLineTools/usr/bin
$> clang --version
Apple LLVM version 9.1.0 (clang-902.0.39.2)
Target: x86_64-apple-darwin17.4.0
Thread model: posix
InstalledDir: /Library/Developer/CommandLineTools/usr/bin

= User files collection ========================================================
Collecting user files from Vogsphere
Repository URL: auto-exam/2019/c-exam-alone-in-the-dark-beginner/practice-exam_20190118/khou2

= Git history ==================================================================
$> git -C /var/folders/gy/283785nj425_v7jksyk4zbyr0000gp/T/tmp2nBT4C/user log --pretty='%H - %an, %ad : %s'
521e65be9f43219951962fbe7a17151ce8890706 - Khloe Hou, Thu Jan 17 20:17:14 2019 -0800 : 5
8d30dd15123f39d5b80b00ab09485ebc6ddaee7a - Khloe Hou, Thu Jan 17 20:07:38 2019 -0800 : 5
72bc7dba2596fcef8395a7280a62cbe22521e1d9 - Khloe Hou, Thu Jan 17 20:03:35 2019 -0800 : 5
5b3a8a9031169fdb360eebfcba4ce94be3e5cdef - Khloe Hou, Thu Jan 17 20:00:33 2019 -0800 : 5
3a3b63ae5192f1f7865c1909d5a71dea1f39042e - Khloe Hou, Thu Jan 17 19:54:39 2019 -0800 : 4
f960569a11d95c8d269d25449e59c56dd839bc31 - Khloe Hou, Thu Jan 17 19:51:48 2019 -0800 : 3
cd243b6e6d7fbba9e7fd04c1eeb62d02df9c6df2 - Khloe Hou, Thu Jan 17 19:48:53 2019 -0800 : 2
0c4dbc9e7b59c382bd2eb2c34ac8641337d0ebe5 - Khloe Hou, Thu Jan 17 19:44:59 2019 -0800 : 2
b18bb05984cda10505f48720ae448608503ad5fb - Khloe Hou, Thu Jan 17 19:42:37 2019 -0800 : 1
 
= Collected files ==========================================
$> ls -lAR /var/folders/gy/283785nj425_v7jksyk4zbyr0000gp/T/tmp2nBT4C/user
total 8
-rw-r--r--  1 deepthought  deepthought  2258 Jan 17 20:17 __GIT_HISTORY
drwxr-xr-x  3 deepthought  deepthought   102 Jan 17 20:17 aff_a
drwxr-xr-x  3 deepthought  deepthought   102 Jan 17 20:17 ft_itoa
drwxr-xr-x  3 deepthought  deepthought   102 Jan 17 20:17 ft_itoa_base
drwxr-xr-x  3 deepthought  deepthought   102 Jan 17 20:17 ft_list_remove_if
drwxr-xr-x  4 deepthought  deepthought   136 Jan 17 20:17 ft_list_size
drwxr-xr-x  3 deepthought  deepthought   102 Jan 17 20:17 ft_strlen
drwxr-xr-x  3 deepthought  deepthought   102 Jan 17 20:17 reverse_bits
drwxr-xr-x  3 deepthought  deepthought   102 Jan 17 20:17 ulstr

/var/folders/gy/283785nj425_v7jksyk4zbyr0000gp/T/tmp2nBT4C/user/aff_a:
total 8
-rw-r--r--  1 deepthought  deepthought  1146 Jan 17 20:17 aff_a.c

/var/folders/gy/283785nj425_v7jksyk4zbyr0000gp/T/tmp2nBT4C/user/ft_itoa:
total 8
-rw-r--r--  1 deepthought  deepthought  1378 Jan 17 20:17 ft_itoa.c

/var/folders/gy/283785nj425_v7jksyk4zbyr0000gp/T/tmp2nBT4C/user/ft_itoa_base:
total 8
-rw-r--r--  1 deepthought  deepthought  1506 Jan 17 20:17 ft_itoa_base.c

/var/folders/gy/283785nj425_v7jksyk4zbyr0000gp/T/tmp2nBT4C/user/ft_list_remove_if:
total 8
-rw-r--r--  1 deepthought  deepthought  1329 Jan 17 20:17 ft_list_remove_if.c

/var/folders/gy/283785nj425_v7jksyk4zbyr0000gp/T/tmp2nBT4C/user/ft_list_size:
total 16
-rw-r--r--  1 deepthought  deepthought  1034 Jan 17 20:17 ft_list.h
-rw-r--r--  1 deepthought  deepthought  1336 Jan 17 20:17 ft_list_size.c

/var/folders/gy/283785nj425_v7jksyk4zbyr0000gp/T/tmp2nBT4C/user/ft_strlen:
total 8
-rw-r--r--  1 deepthought  deepthought  982 Jan 17 20:17 ft_strlen.c

/var/folders/gy/283785nj425_v7jksyk4zbyr0000gp/T/tmp2nBT4C/user/reverse_bits:
total 8
-rw-r--r--  1 deepthought  deepthought  1126 Jan 17 20:17 reverse_bits.c

/var/folders/gy/283785nj425_v7jksyk4zbyr0000gp/T/tmp2nBT4C/user/ulstr:
total 8
-rw-r--r--  1 deepthought  deepthought  1192 Jan 17 20:17 ulstr.c
 
= ft_itoa_base =================================================================
$> gcc -Wextra -Wall -Werror ft_itoa_base.c main.c -o user_exe 

= Test 1 ===================================================
$> ./ha5nlex8jn9quzb2zqiupvu7 
$> diff -U 3 user_output_test1 test1.output | cat -e

Diff OK :D
= Test 2 ===================================================
$> ./2d5fv4ts2fkhtbjjeaw10tk8 "21" "2313" "12"
$> diff -U 3 user_output_test2 test2.output | cat -e

Diff OK :D
= Test 3 ===================================================
$> ./vm0os0weuvhjkvtpoxjb1fzc "2147483647" "10"
$> diff -U 3 user_output_test3 test3.output | cat -e

Diff OK :D
= Test 4 ===================================================
$> ./tfy9hzra8vai52wph1et64pv "-2147483648" "10"
$> diff -U 3 user_output_test4 test4.output | cat -e

Diff OK :D
= Test 5 ===================================================
$> ./qqi4z2vei20vcwya0lsclagq "0" "2"
$> diff -U 3 user_output_test5 test5.output | cat -e

Diff OK :D
= Test 6 ===================================================
$> ./tqsnyqbknpwwl60kwc19d5ox "--223" "10"
$> diff -U 3 user_output_test6 test6.output | cat -e

Diff OK :D
= Test 7 ===================================================
$> ./m6xdndv0jmlui8rmffdvjmiw "1103128449" "15"
$> diff -U 3 user_output_test7 test7.output | cat -e

Diff OK :D
= Test 8 ===================================================
$> ./otnhax43xmule9smy46k4url "440928805" "14"
$> diff -U 3 user_output_test8 test8.output | cat -e

Diff OK :D
= Test 9 ===================================================
$> ./jp2ivavnkwdweeisf1a4byf3 "1060237518" "12"
$> diff -U 3 user_output_test9 test9.output | cat -e

Diff OK :D
= Test 10 ==================================================
$> ./pn4v7xncux63gt1mfy9ii19g "96094156" "12"
$> diff -U 3 user_output_test10 test10.output | cat -e

Diff OK :D
= Test 11 ==================================================
$> ./zxwop3y9bjxers4a0jytz08x "693543370" "15"
$> diff -U 3 user_output_test11 test11.output | cat -e

Diff OK :D
= Test 12 ==================================================
$> ./hjkunbhsp0r3klpnajea5krh "203886470" "8"
$> diff -U 3 user_output_test12 test12.output | cat -e

Diff OK :D
= Test 13 ==================================================
$> ./eqvv9bzjxilv06w7xq7wxy7x "1099642744" "2"
$> diff -U 3 user_output_test13 test13.output | cat -e

Diff OK :D
= Test 14 ==================================================
$> ./z2bgzwbg04xm7uvex51vxwq3 "685478449" "5"
$> diff -U 3 user_output_test14 test14.output | cat -e

Diff OK :D
= Test 15 ==================================================
$> ./y6v4xe1mntmcoum226eirxlz "1814954885" "15"
$> diff -U 3 user_output_test15 test15.output | cat -e

Diff OK :D
= Test 16 ==================================================
$> ./o0hrryiylvnwh452kxwlz5ya "1421868888" "2"
$> diff -U 3 user_output_test16 test16.output | cat -e

Diff OK :D
= Test 17 ==================================================
$> ./7afduz6eqdlr8we32ht1q15w "1250821925" "11"
$> diff -U 3 user_output_test17 test17.output | cat -e

Diff OK :D
= Test 18 ==================================================
$> ./h8esc6crho0jfdff4n77p7by "1076819024" "4"
$> diff -U 3 user_output_test18 test18.output | cat -e

Diff OK :D
= Test 19 ==================================================
$> ./5cszohq4hieq6vkseswjc1hs "64008454" "2"
$> diff -U 3 user_output_test19 test19.output | cat -e

Diff OK :D
= Test 20 ==================================================
$> ./yvzgzosks9uwerkzvpu9xgam "9028856" "15"
$> diff -U 3 user_output_test20 test20.output | cat -e

Diff OK :D
Grade: 1

= Final grade: 1 ===============================================================
