= Host-specific information ====================================================
$> hostname; uname -msr
e1z2r9p16.42.us.org
Darwin 17.5.0 x86_64
$> date
Mon Jul 29 21:18:19 PDT 2019
$> gcc --version
Configured with: --prefix=/Library/Developer/CommandLineTools/usr --with-gxx-include-dir=/usr/include/c++/4.2.1
Apple LLVM version 9.1.0 (clang-902.0.39.1)
Target: x86_64-apple-darwin17.5.0
Thread model: posix
InstalledDir: /Library/Developer/CommandLineTools/usr/bin
$> clang --version
Apple LLVM version 9.1.0 (clang-902.0.39.1)
Target: x86_64-apple-darwin17.5.0
Thread model: posix
InstalledDir: /Library/Developer/CommandLineTools/usr/bin

= User files collection ========================================================
Collecting user files from Vogsphere
Repository URL: auto-exam/2019/c-exam-alone-in-the-dark-intermediate/practice-exam_20190730/khou

= Git history ==================================================================
$> git -C /var/folders/5x/_968jxdj14n9j6lqyvyy9kw00000gp/T/tmpnmRQEv/user log --pretty='%H - %an, %ad : %s'
df8a258d73bd4b72a828ed67a9b85b45963cca07 - Khloe Hou, Mon Jul 29 21:18:09 2019 -0700 : 07/29/2019
1a1a89872f747e9c21f82c1a8e86b910be1c1ae3 - Khloe Hou, Mon Jul 29 21:12:18 2019 -0700 : 07/29/2019
6c448016d5ff09fd3b2484c1d118d0565ac93a1d - Khloe Hou, Mon Jul 29 20:09:28 2019 -0700 : 2
c28b4a6dc136b5df1c3423094da40976a97d7d42 - Khloe Hou, Mon Jul 29 20:05:09 2019 -0700 : 1
 
= Collected files ==========================================
$> ls -lAR /var/folders/5x/_968jxdj14n9j6lqyvyy9kw00000gp/T/tmpnmRQEv/user
total 8
-rw-r--r--  1 deepthought  deepthought  1036 Jul 29 21:18 __GIT_HISTORY
drwxr-xr-x  3 deepthought  deepthought   102 Jul 29 21:18 count_of_2
drwxr-xr-x  3 deepthought  deepthought   102 Jul 29 21:18 longest_sequence
drwxr-xr-x  3 deepthought  deepthought   102 Jul 29 21:18 stack
drwxr-xr-x  3 deepthought  deepthought   102 Jul 29 21:18 str_maxlenoc

/var/folders/5x/_968jxdj14n9j6lqyvyy9kw00000gp/T/tmpnmRQEv/user/count_of_2:
total 8
-rw-r--r--  1 deepthought  deepthought  1385 Jul 29 21:18 count_of_2.c

/var/folders/5x/_968jxdj14n9j6lqyvyy9kw00000gp/T/tmpnmRQEv/user/longest_sequence:
total 8
-rw-r--r--  1 deepthought  deepthought  2849 Jul 29 21:18 longest_sequence.c

/var/folders/5x/_968jxdj14n9j6lqyvyy9kw00000gp/T/tmpnmRQEv/user/stack:
total 8
-rw-r--r--  1 deepthought  deepthought  2749 Jul 29 21:18 stack.c

/var/folders/5x/_968jxdj14n9j6lqyvyy9kw00000gp/T/tmpnmRQEv/user/str_maxlenoc:
total 8
-rw-r--r--  1 deepthought  deepthought  2278 Jul 29 21:18 str_maxlenoc.c
 
= str_maxlenoc =================================================================
$> gcc -Wextra -Wall -Werror str_maxlenoc.c -o user_exe 

= Test 1 ===================================================
$> ./o3o20jmh9vyerakeaun7218m "Bonjour"
$> diff -U 3 user_output_test1 test1.output | cat -e

Diff OK :D
= Test 2 ===================================================
$> ./ceui8yrbwk3g22zjg3me4iv3 "bonjouran" "bonjouran" "confiseriean" "bonne annee"
$> diff -U 3 user_output_test2 test2.output | cat -e

Diff OK :D
= Test 3 ===================================================
$> ./7emv4xqeum8ykepiekshif1u "bonjour an" "bonjour an" "confiserie an" "bonne annee"
$> diff -U 3 user_output_test3 test3.output | cat -e

Diff OK :D
= Test 4 ===================================================
$> ./7mzksl2fkjpr2nhse3rmvdab "voila" "voila" "ouais ben voila"
$> diff -U 3 user_output_test4 test4.output | cat -e

Diff OK :D
= Test 5 ===================================================
$> ./c9cpqw1sxhrg8b07hljoru33 "bosdsdfnjodur" "atehhellosd" "afkuonjosurafg" "headfgllosf" "fghellosag afdfbosnjourafg"
$> diff -U 3 user_output_test5 test5.output | cat -e

Diff OK :D
Grade: 1

= Final grade: 1 ===============================================================
