= Host-specific information ====================================================
$> hostname; uname -msr
e1z2r7p9.42.us.org
Darwin 17.7.0 x86_64
$> date
Mon Aug  5 23:40:14 PDT 2019
$> gcc --version
Configured with: --prefix=/Library/Developer/CommandLineTools/usr --with-gxx-include-dir=/usr/include/c++/4.2.1
Apple LLVM version 9.1.0 (clang-902.0.39.2)
Target: x86_64-apple-darwin17.7.0
Thread model: posix
InstalledDir: /Library/Developer/CommandLineTools/usr/bin
$> clang --version
Apple LLVM version 9.1.0 (clang-902.0.39.2)
Target: x86_64-apple-darwin17.7.0
Thread model: posix
InstalledDir: /Library/Developer/CommandLineTools/usr/bin

= User files collection ========================================================
Collecting user files from Vogsphere
Repository URL: auto-exam/2019/c-exam-alone-in-the-dark-intermediate/practice-exam_20190806/khou

= Git history ==================================================================
$> git -C /var/folders/1f/_qd3k8c53d3cx81qpkmp0wy00000gp/T/tmp30bRHD/user log --pretty='%H - %an, %ad : %s'
92b441e5d313e372433dd1e8099b7d299bad1b4f - Khloe Hou, Mon Aug 5 23:40:06 2019 -0700 : 08/05/2019
0fcdd0ac2fcbf760602f19f5262c6e096d1b89a4 - Khloe Hou, Mon Aug 5 23:19:31 2019 -0700 : 08/05/2019
 
= Collected files ==========================================
$> ls -lAR /var/folders/1f/_qd3k8c53d3cx81qpkmp0wy00000gp/T/tmp30bRHD/user
total 8
-rw-r--r--  1 deepthought  deepthought  497 Aug  5 23:40 __GIT_HISTORY
drwxr-xr-x  3 deepthought  deepthought  102 Aug  5 23:40 find_pivot
drwxr-xr-x  3 deepthought  deepthought  102 Aug  5 23:40 queue

/var/folders/1f/_qd3k8c53d3cx81qpkmp0wy00000gp/T/tmp30bRHD/user/find_pivot:
total 8
-rw-r--r--  1 deepthought  deepthought  302 Aug  5 23:40 find_pivot.c

/var/folders/1f/_qd3k8c53d3cx81qpkmp0wy00000gp/T/tmp30bRHD/user/queue:
total 8
-rw-r--r--  1 deepthought  deepthought  2938 Aug  5 23:40 queue.c
 
= queue ========================================================================
$> gcc -Wextra -Wall -Werror main.c queue.c -o user_exe 

= Test 1 ===================================================
$> ./v019tcl434e6az1wqh0wsa12 NULL
$> diff -U 3 user_output_test1 test1.output | cat -e

Diff OK :D
= Test 2 ===================================================
$> ./zm4eu40f63smnro1udsju296 1 2 3 4 5
$> diff -U 3 user_output_test2 test2.output | cat -e

Diff OK :D
= Test 3 ===================================================
$> ./deq32m5ql4ftg57cqdu26xt9 We wants it, we needs it. Must have the precious. They stole it from us. Sneaky little hobbitses. Wicked, tricksy, false!
$> diff -U 3 user_output_test3 test3.output | cat -e

Diff OK :D
= Test 4 ===================================================
$> ./a7ka3mjpdqec8q5fnzc0r2d1 42
$> diff -U 3 user_output_test4 test4.output | cat -e

Diff OK :D
= Test 5 ===================================================
$> ./5e6du1m1lel6dt3r6j3u8glc I have a bad feeling about this
$> diff -U 3 user_output_test5 test5.output | cat -e

Diff OK :D
Grade: 1

= Final grade: 1 ===============================================================
