= Host-specific information ====================================================
$> hostname; uname -msr
e1z1r3p21.42.us.org
Darwin 17.5.0 x86_64
$> date
Mon Jan 14 18:42:43 PST 2019
$> gcc --version
Configured with: --prefix=/Library/Developer/CommandLineTools/usr --with-gxx-include-dir=/usr/include/c++/4.2.1
Apple LLVM version 9.1.0 (clang-902.0.39.1)
Target: x86_64-apple-darwin17.5.0
Thread model: posix
InstalledDir: /Library/Developer/CommandLineTools/usr/bin
$> clang --version
Apple LLVM version 9.1.0 (clang-902.0.39.1)
Target: x86_64-apple-darwin17.5.0
Thread model: posix
InstalledDir: /Library/Developer/CommandLineTools/usr/bin

= User files collection ========================================================
Collecting user files from Vogsphere
Repository URL: auto-exam/2019/c-exam-alone-in-the-dark-beginner/practice-exam_20190115/khou

= Git history ==================================================================
$> git -C /var/folders/fr/y4v5lyvx5n5bx_r85q3tc_d40000gp/T/tmp3XKle5/user log --pretty='%H - %an, %ad : %s'
91f922c7790ec141b8392f1c214f62959af429e2 - Khloe Hou, Mon Jan 14 18:42:33 2019 -0800 : 4
5fe3b1b840d2f502b902da4ba845e710c5b5e1c8 - Khloe Hou, Mon Jan 14 18:38:07 2019 -0800 : 4
fe99f0ed9e626c323e9469ba3ce5f9782ba5a6ac - Khloe Hou, Mon Jan 14 18:31:40 2019 -0800 : 4
597c05f7be8938d7f8f04d4cec408a67884924a6 - Khloe Hou, Mon Jan 14 17:56:59 2019 -0800 : 3
e749e5c4b6a567ebef86917e1d4ba308fca02375 - Khloe Hou, Mon Jan 14 17:43:05 2019 -0800 : 2
a5572426a9fd0b9da5d7991de6205f6f5dbdbeb8 - Khloe Hou, Mon Jan 14 17:40:02 2019 -0800 : 3
0b65f5897f42c36fafe64bcc912836f70ed5ea62 - Khloe Hou, Mon Jan 14 17:37:55 2019 -0800 : 2
af7080ce73d7f7599bad8de90f988eca1740ce29 - Khloe Hou, Mon Jan 14 17:35:00 2019 -0800 : 1
 
= Collected files ==========================================
$> ls -lAR /var/folders/fr/y4v5lyvx5n5bx_r85q3tc_d40000gp/T/tmp3XKle5/user
total 8
-rw-r--r--  1 deepthought  deepthought  2037 Jan 14 18:42 __GIT_HISTORY
drwxr-xr-x  3 deepthought  deepthought   102 Jan 14 18:42 add_prime_sum
drwxr-xr-x  3 deepthought  deepthought   102 Jan 14 18:42 alpha_mirror
drwxr-xr-x  3 deepthought  deepthought   102 Jan 14 18:42 fprime
drwxr-xr-x  3 deepthought  deepthought   102 Jan 14 18:42 ft_list_remove_if
drwxr-xr-x  3 deepthought  deepthought   102 Jan 14 18:42 is_power_of_2
drwxr-xr-x  3 deepthought  deepthought   102 Jan 14 18:42 maff_revalpha
drwxr-xr-x  3 deepthought  deepthought   102 Jan 14 18:42 search_and_replace

/var/folders/fr/y4v5lyvx5n5bx_r85q3tc_d40000gp/T/tmp3XKle5/user/add_prime_sum:
total 8
-rw-r--r--  1 deepthought  deepthought  1529 Jan 14 18:42 add_prime_sum.c

/var/folders/fr/y4v5lyvx5n5bx_r85q3tc_d40000gp/T/tmp3XKle5/user/alpha_mirror:
total 8
-rw-r--r--  1 deepthought  deepthought  1223 Jan 14 18:42 alpha_mirror.c

/var/folders/fr/y4v5lyvx5n5bx_r85q3tc_d40000gp/T/tmp3XKle5/user/fprime:
total 8
-rw-r--r--  1 deepthought  deepthought  1394 Jan 14 18:42 fprime.c

/var/folders/fr/y4v5lyvx5n5bx_r85q3tc_d40000gp/T/tmp3XKle5/user/ft_list_remove_if:
total 8
-rw-r--r--  1 deepthought  deepthought  1361 Jan 14 18:42 ft_list_remove_if.c

/var/folders/fr/y4v5lyvx5n5bx_r85q3tc_d40000gp/T/tmp3XKle5/user/is_power_of_2:
total 8
-rw-r--r--  1 deepthought  deepthought  1152 Jan 14 18:42 is_power_of_2.c

/var/folders/fr/y4v5lyvx5n5bx_r85q3tc_d40000gp/T/tmp3XKle5/user/maff_revalpha:
total 8
-rw-r--r--  1 deepthought  deepthought  991 Jan 14 18:42 maff_revalpha.c

/var/folders/fr/y4v5lyvx5n5bx_r85q3tc_d40000gp/T/tmp3XKle5/user/search_and_replace:
total 8
-rw-r--r--  1 deepthought  deepthought  1248 Jan 14 18:42 search_and_replace.c
 
= fprime =======================================================================
$> gcc -Wextra -Wall -Werror fprime.c -o user_exe 

= Test 1 ===================================================
$> ./28zu3bpem8bt0ffsxrfojyxr 
$> diff -U 3 user_output_test1 test1.output | cat -e

Diff OK :D
= Test 2 ===================================================
$> ./f6v7esvd7pt3prh4tw54abx9 "1" "2" "3" "4" "5" "6"
$> diff -U 3 user_output_test2 test2.output | cat -e

Diff OK :D
= Test 3 ===================================================
$> ./9rpw2iumdn5e445n8eq43znd 178
$> diff -U 3 user_output_test3 test3.output | cat -e

Diff OK :D
= Test 4 ===================================================
$> ./2so2ai5hqp28zkszvb6v0l4y 164
$> diff -U 3 user_output_test4 test4.output | cat -e

Diff OK :D
= Test 5 ===================================================
$> ./hx6mfpmr7yedyfx2hy74gqwg 39
$> diff -U 3 user_output_test5 test5.output | cat -e

Diff OK :D
= Test 6 ===================================================
$> ./obior59aeygq9hld2nghoacs 34
$> diff -U 3 user_output_test6 test6.output | cat -e

Diff OK :D
= Test 7 ===================================================
$> ./dfrbfz4rj690xr8xgxe953e5 9
$> diff -U 3 user_output_test7 test7.output | cat -e

Diff OK :D
= Test 8 ===================================================
$> ./v7ibmactx19efdh0ipjygvgz 145
$> diff -U 3 user_output_test8 test8.output | cat -e

Diff OK :D
= Test 9 ===================================================
$> ./jsickvqou7y5k8tz4knjc3ah 149
$> diff -U 3 user_output_test9 test9.output | cat -e

Diff OK :D
= Test 10 ==================================================
$> ./51qy7zmojdjzual5cd66pwdk 2
$> diff -U 3 user_output_test10 test10.output | cat -e

Diff OK :D
= Test 11 ==================================================
$> ./m90176ul2wuuhifbc6jdkm5c 1548340
$> diff -U 3 user_output_test11 test11.output | cat -e

Diff OK :D
= Test 12 ==================================================
$> ./75t516xwc71cfajdtgp58s0w 1620994
$> diff -U 3 user_output_test12 test12.output | cat -e

Diff OK :D
= Test 13 ==================================================
$> ./3dhh9gkwwbi00a7amxle84dd 1728517
$> diff -U 3 user_output_test13 test13.output | cat -e

Diff OK :D
= Test 14 ==================================================
$> ./1sc51ejqe5m6gknpjl8de5pw 1434010
$> diff -U 3 user_output_test14 test14.output | cat -e

Diff OK :D
= Test 15 ==================================================
$> ./jk48aj8541tqr9jbs1vffbdy 1180356
$> diff -U 3 user_output_test15 test15.output | cat -e

Diff OK :D
Grade: 1

= Final grade: 1 ===============================================================
