= Host-specific information ====================================================
$> hostname; uname -msr
e1z2r10p10.42.us.org
Darwin 17.7.0 x86_64
$> date
Mon Jul 29 20:09:42 PDT 2019
$> gcc --version
Configured with: --prefix=/Library/Developer/CommandLineTools/usr --with-gxx-include-dir=/usr/include/c++/4.2.1
Apple LLVM version 10.0.0 (clang-1000.10.44.4)
Target: x86_64-apple-darwin17.7.0
Thread model: posix
InstalledDir: /Library/Developer/CommandLineTools/usr/bin
$> clang --version
Apple LLVM version 10.0.0 (clang-1000.10.44.4)
Target: x86_64-apple-darwin17.7.0
Thread model: posix
InstalledDir: /Library/Developer/CommandLineTools/usr/bin

= User files collection ========================================================
Collecting user files from Vogsphere
Repository URL: auto-exam/2019/c-exam-alone-in-the-dark-intermediate/practice-exam_20190730/khou

= Git history ==================================================================
$> git -C /var/folders/vx/hpnhgvy942b6nfj9n2td9_q00000gp/T/tmpL0nC6F/user log --pretty='%H - %an, %ad : %s'
6c448016d5ff09fd3b2484c1d118d0565ac93a1d - Khloe Hou, Mon Jul 29 20:09:28 2019 -0700 : 2
c28b4a6dc136b5df1c3423094da40976a97d7d42 - Khloe Hou, Mon Jul 29 20:05:09 2019 -0700 : 1
 
= Collected files ==========================================
$> ls -lAR /var/folders/vx/hpnhgvy942b6nfj9n2td9_q00000gp/T/tmpL0nC6F/user
total 8
-rw-r--r--  1 deepthought  deepthought  508 Jul 29 20:09 __GIT_HISTORY
drwxr-xr-x  3 deepthought  deepthought  102 Jul 29 20:09 count_of_2
drwxr-xr-x  3 deepthought  deepthought  102 Jul 29 20:09 stack

/var/folders/vx/hpnhgvy942b6nfj9n2td9_q00000gp/T/tmpL0nC6F/user/count_of_2:
total 8
-rw-r--r--  1 deepthought  deepthought  1385 Jul 29 20:09 count_of_2.c

/var/folders/vx/hpnhgvy942b6nfj9n2td9_q00000gp/T/tmpL0nC6F/user/stack:
total 8
-rw-r--r--  1 deepthought  deepthought  2749 Jul 29 20:09 stack.c
 
= stack ========================================================================
$> gcc -Wextra -Wall -Werror main.c stack.c -o user_exe 

= Test 1 ===================================================
$> ./y9xgbs2p05pd619euben48nx NULL
$> diff -U 3 user_output_test1 test1.output | cat -e

Diff OK :D
= Test 2 ===================================================
$> ./rf5r2wl5qutuu9pjxtqca9yl 1 2 3 4 5
$> diff -U 3 user_output_test2 test2.output | cat -e

Diff OK :D
= Test 3 ===================================================
$> ./cdgz06ekuckeyrhvcl047sm1 We wants it, we needs it. Must have the precious. They stole it from us. Sneaky little hobbitses. Wicked, tricksy, false!
$> diff -U 3 user_output_test3 test3.output | cat -e

Diff OK :D
= Test 4 ===================================================
$> ./r03i1qcwxtzhf6cppp1njc66 42
$> diff -U 3 user_output_test4 test4.output | cat -e

Diff OK :D
= Test 5 ===================================================
$> ./o57do9xao5qhypfuwoavc5kt I have a bad feeling about this
$> diff -U 3 user_output_test5 test5.output | cat -e

Diff OK :D
Grade: 1

= Final grade: 1 ===============================================================
